#
# There is insufficient memory for the Java Runtime Environment to continue.
# Native memory allocation (malloc) failed to allocate 32784 bytes for Chunk::new
# Possible reasons:
#   The system is out of physical RAM or swap space
#   In 32 bit mode, the process size limit was hit
# Possible solutions:
#   Reduce memory load on the system
#   Increase physical memory or swap space
#   Check if swap backing store is full
#   Use 64 bit Java on a 64 bit OS
#   Decrease Java heap size (-Xmx/-Xms)
#   Decrease number of Java threads
#   Decrease Java thread stack sizes (-Xss)
#   Set larger code cache with -XX:ReservedCodeCacheSize=
# This output file may be truncated or incomplete.
#
#  Out of Memory Error (allocation.cpp:390), pid=9296, tid=6668
#
# JRE version: Java(TM) SE Runtime Environment (8.0_45-b15) (build 1.8.0_45-b15)
# Java VM: Java HotSpot(TM) 64-Bit Server VM (25.45-b02 mixed mode windows-amd64 compressed oops)
# Failed to write core dump. Minidumps are not enabled by default on client versions of Windows
#

---------------  T H R E A D  ---------------

Current thread (0x0000000017ba1800):  JavaThread "C2 CompilerThread2" daemon [_thread_in_native, id=6668, stack(0x0000000018370000,0x0000000018470000)]

Stack: [0x0000000018370000,0x0000000018470000]
Native frames: (J=compiled Java code, j=interpreted, Vv=VM code, C=native code)
V  [jvm.dll+0x32b57a]


Current CompileTask:
C2:  39890 6907   !   4       java.io.ObjectStreamClass::lookup (335 bytes)


---------------  P R O C E S S  ---------------

Java Threads: ( => current thread )
  0x0000000018846000 JavaThread "Forward streams with process: command 'C:\Program Files\Java\jdk1.8.0_45\bin\java.exe' Thread 3" [_thread_in_native, id=10304, stack(0x0000000024710000,0x0000000024810000)]
  0x0000000018849000 JavaThread "Forward streams with process: command 'C:\Program Files\Java\jdk1.8.0_45\bin\java.exe' Thread 2" [_thread_in_native, id=9468, stack(0x0000000024610000,0x0000000024710000)]
  0x000000001884b000 JavaThread "Forward streams with process: command 'C:\Program Files\Java\jdk1.8.0_45\bin\java.exe'" [_thread_blocked, id=11268, stack(0x0000000024210000,0x0000000024310000)]
  0x0000000018843800 JavaThread "Forward streams with process: command 'C:\Program Files\Java\jdk1.8.0_45\bin\java.exe' Thread 3" [_thread_in_native, id=1116, stack(0x0000000024010000,0x0000000024110000)]
  0x0000000018843000 JavaThread "Forward streams with process: command 'C:\Program Files\Java\jdk1.8.0_45\bin\java.exe' Thread 2" [_thread_in_native, id=9260, stack(0x0000000023f10000,0x0000000024010000)]
  0x000000001883d800 JavaThread "Forward streams with process: command 'C:\Program Files\Java\jdk1.8.0_45\bin\java.exe'" [_thread_blocked, id=5504, stack(0x0000000023e10000,0x0000000023f10000)]
  0x000000001883e800 JavaThread "Run command 'C:\Program Files\Java\jdk1.8.0_45\bin\java.exe'" [_thread_in_native, id=2272, stack(0x0000000023910000,0x0000000023a10000)]
  0x000000001883f000 JavaThread "Run command 'C:\Program Files\Java\jdk1.8.0_45\bin\java.exe'" [_thread_in_native, id=13428, stack(0x0000000023110000,0x0000000023210000)]
  0x0000000018841800 JavaThread "Forward streams with process: command 'C:\Program Files\Java\jdk1.8.0_45\bin\java.exe' Thread 3" [_thread_in_native, id=8456, stack(0x0000000024510000,0x0000000024610000)]
  0x0000000018840000 JavaThread "Forward streams with process: command 'C:\Program Files\Java\jdk1.8.0_45\bin\java.exe' Thread 2" [_thread_in_native, id=2140, stack(0x0000000024410000,0x0000000024510000)]
  0x0000000018842000 JavaThread "Forward streams with process: command 'C:\Program Files\Java\jdk1.8.0_45\bin\java.exe'" [_thread_blocked, id=7928, stack(0x0000000024310000,0x0000000024410000)]
  0x000000001e987800 JavaThread "Forward streams with process: command 'C:\Program Files\Java\jdk1.8.0_45\bin\java.exe' Thread 3" [_thread_in_native, id=12584, stack(0x0000000023c10000,0x0000000023d10000)]
  0x000000001e985000 JavaThread "Forward streams with process: command 'C:\Program Files\Java\jdk1.8.0_45\bin\java.exe' Thread 2" [_thread_in_native, id=12616, stack(0x0000000023b10000,0x0000000023c10000)]
  0x000000001e981800 JavaThread "Forward streams with process: command 'C:\Program Files\Java\jdk1.8.0_45\bin\java.exe'" [_thread_blocked, id=10016, stack(0x0000000023a10000,0x0000000023b10000)]
  0x000000001e983000 JavaThread "Forward streams with process: command 'C:\Program Files\Java\jdk1.8.0_45\bin\java.exe' Thread 3" [_thread_in_native, id=8492, stack(0x0000000023810000,0x0000000023910000)]
  0x000000001e986000 JavaThread "Forward streams with process: command 'C:\Program Files\Java\jdk1.8.0_45\bin\java.exe' Thread 3" [_thread_in_native, id=10188, stack(0x0000000023610000,0x0000000023710000)]
  0x000000001e983800 JavaThread "Forward streams with process: command 'C:\Program Files\Java\jdk1.8.0_45\bin\java.exe' Thread 2" [_thread_in_native, id=9032, stack(0x0000000023510000,0x0000000023610000)]
  0x000000001e982000 JavaThread "Forward streams with process: command 'C:\Program Files\Java\jdk1.8.0_45\bin\java.exe' Thread 2" [_thread_in_native, id=9756, stack(0x0000000023410000,0x0000000023510000)]
  0x000000001e984800 JavaThread "Forward streams with process: command 'C:\Program Files\Java\jdk1.8.0_45\bin\java.exe'" [_thread_blocked, id=8812, stack(0x0000000023310000,0x0000000023410000)]
  0x000000001e97a000 JavaThread "Forward streams with process: command 'C:\Program Files\Java\jdk1.8.0_45\bin\java.exe'" [_thread_blocked, id=10712, stack(0x0000000023210000,0x0000000023310000)]
  0x000000001e97e800 JavaThread "Run command 'C:\Program Files\Java\jdk1.8.0_45\bin\java.exe'" [_thread_in_native, id=12444, stack(0x0000000023010000,0x0000000023110000)]
  0x000000001e97a800 JavaThread "Run command 'C:\Program Files\Java\jdk1.8.0_45\bin\java.exe'" [_thread_in_native, id=7944, stack(0x0000000022d10000,0x0000000022e10000)]
  0x000000001e97f000 JavaThread "Run command 'C:\Program Files\Java\jdk1.8.0_45\bin\java.exe'" [_thread_in_native, id=8688, stack(0x0000000022c10000,0x0000000022d10000)]
  0x000000001e97b800 JavaThread "Run command 'C:\Program Files\Java\jdk1.8.0_45\bin\java.exe'" [_thread_in_native, id=14180, stack(0x0000000022b10000,0x0000000022c10000)]
  0x000000001e980000 JavaThread "pool-1-thread-8" [_thread_blocked, id=6336, stack(0x0000000022490000,0x0000000022590000)]
  0x0000000017d7f000 JavaThread "pool-1-thread-7" [_thread_blocked, id=9724, stack(0x0000000022390000,0x0000000022490000)]
  0x0000000017d83800 JavaThread "pool-1-thread-6" [_thread_blocked, id=6196, stack(0x0000000022290000,0x0000000022390000)]
  0x0000000017d85000 JavaThread "pool-1-thread-4" [_thread_blocked, id=6136, stack(0x0000000021e60000,0x0000000021f60000)]
  0x0000000017d84800 JavaThread "pool-1-thread-3" [_thread_blocked, id=8332, stack(0x0000000021d60000,0x0000000021e60000)]
  0x0000000017d81000 JavaThread "pool-1-thread-1" [_thread_blocked, id=13892, stack(0x00000000218b0000,0x00000000219b0000)]
  0x0000000017d80800 JavaThread "Stdin handler" [_thread_blocked, id=10980, stack(0x000000001f580000,0x000000001f680000)]
  0x0000000017d82000 JavaThread "Cancel handler" [_thread_blocked, id=7276, stack(0x000000001c870000,0x000000001c970000)]
  0x0000000017d83000 JavaThread "Handler for socket connection from /127.0.0.1:58023 to /127.0.0.1:58166" [_thread_in_native, id=13024, stack(0x000000001aa90000,0x000000001ab90000)]
  0x0000000019935000 JavaThread "File lock request listener" [_thread_in_native, id=6332, stack(0x000000001c160000,0x000000001c260000)]
  0x00000000199e7000 JavaThread "Daemon worker" [_thread_in_vm, id=6852, stack(0x000000001a990000,0x000000001aa90000)]
  0x0000000019bd5800 JavaThread "Daemon" [_thread_blocked, id=11180, stack(0x000000001a690000,0x000000001a790000)]
  0x000000001978b800 JavaThread "Incoming local TCP Connector on port 58023" [_thread_in_native, id=11736, stack(0x0000000018f70000,0x0000000019070000)]
  0x0000000017c34800 JavaThread "Service Thread" daemon [_thread_blocked, id=5724, stack(0x0000000018570000,0x0000000018670000)]
  0x0000000017ba4800 JavaThread "C1 CompilerThread3" daemon [_thread_blocked, id=12816, stack(0x0000000018470000,0x0000000018570000)]
=>0x0000000017ba1800 JavaThread "C2 CompilerThread2" daemon [_thread_in_native, id=6668, stack(0x0000000018370000,0x0000000018470000)]
  0x0000000017b9c800 JavaThread "C2 CompilerThread1" daemon [_thread_in_native, id=14140, stack(0x0000000018270000,0x0000000018370000)]
  0x0000000017b98000 JavaThread "C2 CompilerThread0" daemon [_thread_in_native, id=1464, stack(0x0000000018170000,0x0000000018270000)]
  0x0000000017b95800 JavaThread "Attach Listener" daemon [_thread_blocked, id=4616, stack(0x0000000018070000,0x0000000018170000)]
  0x0000000017b94800 JavaThread "Signal Dispatcher" daemon [_thread_blocked, id=7536, stack(0x0000000017f70000,0x0000000018070000)]
  0x000000000307a000 JavaThread "Finalizer" daemon [_thread_blocked, id=13612, stack(0x0000000017a70000,0x0000000017b70000)]
  0x0000000003073000 JavaThread "Reference Handler" daemon [_thread_blocked, id=14236, stack(0x0000000017970000,0x0000000017a70000)]
  0x0000000002e7e000 JavaThread "main" [_thread_blocked, id=13248, stack(0x0000000002e80000,0x0000000002f80000)]

Other Threads:
  0x0000000015b99800 VMThread [stack: 0x0000000017870000,0x0000000017970000] [id=4152]
  0x0000000017c3d000 WatcherThread [stack: 0x0000000018670000,0x0000000018770000] [id=5592]

VM state:not at safepoint (normal execution)

VM Mutex/Monitor currently owned by a thread: None

Heap:
 PSYoungGen      total 230912K, used 104079K [0x00000000eab00000, 0x00000000fc900000, 0x0000000100000000)
  eden space 200704K, 47% used [0x00000000eab00000,0x00000000f0853798,0x00000000f6f00000)
  from space 30208K, 28% used [0x00000000f6f00000,0x00000000f7750480,0x00000000f8c80000)
  to   space 28672K, 0% used [0x00000000fad00000,0x00000000fad00000,0x00000000fc900000)
 ParOldGen       total 203264K, used 46406K [0x00000000c0000000, 0x00000000cc680000, 0x00000000eab00000)
  object space 203264K, 22% used [0x00000000c0000000,0x00000000c2d51868,0x00000000cc680000)
 Metaspace       used 47634K, capacity 50344K, committed 50688K, reserved 1091584K
  class space    used 6620K, capacity 7583K, committed 7680K, reserved 1048576K

Card table byte_map: [0x0000000012440000,0x0000000012650000] byte_map_base: 0x0000000011e40000

Marking Bits: (ParMarkBitMap*) 0x000000006d794040
 Begin Bits: [0x0000000012fb0000, 0x0000000013fb0000)
 End Bits:   [0x0000000013fb0000, 0x0000000014fb0000)

Polling page: 0x0000000002d90000

CodeCache: size=245760Kb used=21512Kb max_used=23457Kb free=224247Kb
 bounds [0x0000000003080000, 0x0000000004780000, 0x0000000012080000]
 total_blobs=6480 nmethods=5798 adapters=593
 compilation: enabled

Compilation events (10 events):
Event: 39.865 Thread 0x0000000017ba4800 6914       3       sun.nio.ch.WindowsSelectorImpl::adjustThreadsCount (133 bytes)
Event: 39.866 Thread 0x0000000017ba4800 nmethod 6914 0x0000000003977190 code [0x00000000039773c0, 0x0000000003977fb8]
Event: 39.866 Thread 0x0000000017ba4800 6915       3       sun.nio.ch.WindowsSelectorImpl$FinishLock::access$200 (5 bytes)
Event: 39.866 Thread 0x0000000017ba4800 nmethod 6915 0x000000000336f5d0 code [0x000000000336f740, 0x000000000336f9c8]
Event: 39.866 Thread 0x0000000017ba4800 6916       3       sun.nio.ch.WindowsSelectorImpl$FinishLock::reset (17 bytes)
Event: 39.866 Thread 0x0000000017ba4800 nmethod 6916 0x00000000031944d0 code [0x0000000003194640, 0x0000000003194888]
Event: 39.866 Thread 0x0000000017ba4800 6917       3       sun.nio.ch.WindowsSelectorImpl$FinishLock::access$700 (5 bytes)
Event: 39.867 Thread 0x0000000017ba4800 nmethod 6917 0x000000000320cb90 code [0x000000000320cd00, 0x000000000320ce68]
Event: 39.867 Thread 0x0000000017ba4800 6918       3       sun.nio.ch.WindowsSelectorImpl$FinishLock::checkForException (51 bytes)
Event: 39.869 Thread 0x0000000017ba4800 nmethod 6918 0x0000000003dea490 code [0x0000000003dea6c0, 0x0000000003deb8b8]

GC Heap History (10 events):
Event: 10.816 GC heap before
{Heap before GC invocations=10 (full 2):
 PSYoungGen      total 186880K, used 16873K [0x00000000eab00000, 0x00000000f8780000, 0x0000000100000000)
  eden space 169984K, 0% used [0x00000000eab00000,0x00000000eab00000,0x00000000f5100000)
  from space 16896K, 99% used [0x00000000f6580000,0x00000000f75fa5f0,0x00000000f7600000)
  to   space 20992K, 0% used [0x00000000f5100000,0x00000000f5100000,0x00000000f6580000)
 ParOldGen       total 121344K, used 13523K [0x00000000c0000000, 0x00000000c7680000, 0x00000000eab00000)
  object space 121344K, 11% used [0x00000000c0000000,0x00000000c0d34cc8,0x00000000c7680000)
 Metaspace       used 34420K, capacity 35464K, committed 35496K, reserved 1079296K
  class space    used 4601K, capacity 4992K, committed 4992K, reserved 1048576K
Event: 10.978 GC heap after
Heap after GC invocations=10 (full 2):
 PSYoungGen      total 186880K, used 0K [0x00000000eab00000, 0x00000000f8780000, 0x0000000100000000)
  eden space 169984K, 0% used [0x00000000eab00000,0x00000000eab00000,0x00000000f5100000)
  from space 16896K, 0% used [0x00000000f6580000,0x00000000f6580000,0x00000000f7600000)
  to   space 20992K, 0% used [0x00000000f5100000,0x00000000f5100000,0x00000000f6580000)
 ParOldGen       total 203264K, used 24798K [0x00000000c0000000, 0x00000000cc680000, 0x00000000eab00000)
  object space 203264K, 12% used [0x00000000c0000000,0x00000000c1837b88,0x00000000cc680000)
 Metaspace       used 34386K, capacity 35350K, committed 35496K, reserved 1079296K
  class space    used 4595K, capacity 4958K, committed 4992K, reserved 1048576K
}
Event: 13.816 GC heap before
{Heap before GC invocations=11 (full 2):
 PSYoungGen      total 186880K, used 169984K [0x00000000eab00000, 0x00000000f8780000, 0x0000000100000000)
  eden space 169984K, 100% used [0x00000000eab00000,0x00000000f5100000,0x00000000f5100000)
  from space 16896K, 0% used [0x00000000f6580000,0x00000000f6580000,0x00000000f7600000)
  to   space 20992K, 0% used [0x00000000f5100000,0x00000000f5100000,0x00000000f6580000)
 ParOldGen       total 203264K, used 24798K [0x00000000c0000000, 0x00000000cc680000, 0x00000000eab00000)
  object space 203264K, 12% used [0x00000000c0000000,0x00000000c1837b88,0x00000000cc680000)
 Metaspace       used 40571K, capacity 41810K, committed 41984K, reserved 1085440K
  class space    used 5553K, capacity 6036K, committed 6144K, reserved 1048576K
Event: 13.841 GC heap after
Heap after GC invocations=11 (full 2):
 PSYoungGen      total 190976K, used 20966K [0x00000000eab00000, 0x00000000fa580000, 0x0000000100000000)
  eden space 169984K, 0% used [0x00000000eab00000,0x00000000eab00000,0x00000000f5100000)
  from space 20992K, 99% used [0x00000000f5100000,0x00000000f6579a00,0x00000000f6580000)
  to   space 25600K, 0% used [0x00000000f8c80000,0x00000000f8c80000,0x00000000fa580000)
 ParOldGen       total 203264K, used 25643K [0x00000000c0000000, 0x00000000cc680000, 0x00000000eab00000)
  object space 203264K, 12% used [0x00000000c0000000,0x00000000c190af60,0x00000000cc680000)
 Metaspace       used 40571K, capacity 41810K, committed 41984K, reserved 1085440K
  class space    used 5553K, capacity 6036K, committed 6144K, reserved 1048576K
}
Event: 15.290 GC heap before
{Heap before GC invocations=12 (full 2):
 PSYoungGen      total 190976K, used 112359K [0x00000000eab00000, 0x00000000fa580000, 0x0000000100000000)
  eden space 169984K, 53% used [0x00000000eab00000,0x00000000f0440310,0x00000000f5100000)
  from space 20992K, 99% used [0x00000000f5100000,0x00000000f6579a00,0x00000000f6580000)
  to   space 25600K, 0% used [0x00000000f8c80000,0x00000000f8c80000,0x00000000fa580000)
 ParOldGen       total 203264K, used 25643K [0x00000000c0000000, 0x00000000cc680000, 0x00000000eab00000)
  object space 203264K, 12% used [0x00000000c0000000,0x00000000c190af60,0x00000000cc680000)
 Metaspace       used 43909K, capacity 45846K, committed 46080K, reserved 1089536K
  class space    used 6082K, capacity 6796K, committed 6912K, reserved 1048576K
Event: 15.326 GC heap after
Heap after GC invocations=12 (full 2):
 PSYoungGen      total 226304K, used 25570K [0x00000000eab00000, 0x00000000fae80000, 0x0000000100000000)
  eden space 200704K, 0% used [0x00000000eab00000,0x00000000eab00000,0x00000000f6f00000)
  from space 25600K, 99% used [0x00000000f8c80000,0x00000000fa578af0,0x00000000fa580000)
  to   space 30208K, 0% used [0x00000000f6f00000,0x00000000f6f00000,0x00000000f8c80000)
 ParOldGen       total 203264K, used 26247K [0x00000000c0000000, 0x00000000cc680000, 0x00000000eab00000)
  object space 203264K, 12% used [0x00000000c0000000,0x00000000c19a1ef8,0x00000000cc680000)
 Metaspace       used 43909K, capacity 45846K, committed 46080K, reserved 1089536K
  class space    used 6082K, capacity 6796K, committed 6912K, reserved 1048576K
}
Event: 15.326 GC heap before
{Heap before GC invocations=13 (full 3):
 PSYoungGen      total 226304K, used 25570K [0x00000000eab00000, 0x00000000fae80000, 0x0000000100000000)
  eden space 200704K, 0% used [0x00000000eab00000,0x00000000eab00000,0x00000000f6f00000)
  from space 25600K, 99% used [0x00000000f8c80000,0x00000000fa578af0,0x00000000fa580000)
  to   space 30208K, 0% used [0x00000000f6f00000,0x00000000f6f00000,0x00000000f8c80000)
 ParOldGen       total 203264K, used 26247K [0x00000000c0000000, 0x00000000cc680000, 0x00000000eab00000)
  object space 203264K, 12% used [0x00000000c0000000,0x00000000c19a1ef8,0x00000000cc680000)
 Metaspace       used 43909K, capacity 45846K, committed 46080K, reserved 1089536K
  class space    used 6082K, capacity 6796K, committed 6912K, reserved 1048576K
Event: 15.662 GC heap after
Heap after GC invocations=13 (full 3):
 PSYoungGen      total 226304K, used 0K [0x00000000eab00000, 0x00000000fae80000, 0x0000000100000000)
  eden space 200704K, 0% used [0x00000000eab00000,0x00000000eab00000,0x00000000f6f00000)
  from space 25600K, 0% used [0x00000000f8c80000,0x00000000f8c80000,0x00000000fa580000)
  to   space 30208K, 0% used [0x00000000f6f00000,0x00000000f6f00000,0x00000000f8c80000)
 ParOldGen       total 203264K, used 46398K [0x00000000c0000000, 0x00000000cc680000, 0x00000000eab00000)
  object space 203264K, 22% used [0x00000000c0000000,0x00000000c2d4f868,0x00000000cc680000)
 Metaspace       used 43909K, capacity 45846K, committed 46080K, reserved 1089536K
  class space    used 6082K, capacity 6796K, committed 6912K, reserved 1048576K
}
Event: 38.334 GC heap before
{Heap before GC invocations=14 (full 3):
 PSYoungGen      total 226304K, used 200704K [0x00000000eab00000, 0x00000000fae80000, 0x0000000100000000)
  eden space 200704K, 100% used [0x00000000eab00000,0x00000000f6f00000,0x00000000f6f00000)
  from space 25600K, 0% used [0x00000000f8c80000,0x00000000f8c80000,0x00000000fa580000)
  to   space 30208K, 0% used [0x00000000f6f00000,0x00000000f6f00000,0x00000000f8c80000)
 ParOldGen       total 203264K, used 46398K [0x00000000c0000000, 0x00000000cc680000, 0x00000000eab00000)
  object space 203264K, 22% used [0x00000000c0000000,0x00000000c2d4f868,0x00000000cc680000)
 Metaspace       used 46803K, capacity 49152K, committed 49280K, reserved 1091584K
  class space    used 6450K, capacity 7264K, committed 7296K, reserved 1048576K
Event: 38.344 GC heap after
Heap after GC invocations=14 (full 3):
 PSYoungGen      total 230912K, used 8513K [0x00000000eab00000, 0x00000000fc900000, 0x0000000100000000)
  eden space 200704K, 0% used [0x00000000eab00000,0x00000000eab00000,0x00000000f6f00000)
  from space 30208K, 28% used [0x00000000f6f00000,0x00000000f7750480,0x00000000f8c80000)
  to   space 28672K, 0% used [0x00000000fad00000,0x00000000fad00000,0x00000000fc900000)
 ParOldGen       total 203264K, used 46406K [0x00000000c0000000, 0x00000000cc680000, 0x00000000eab00000)
  object space 203264K, 22% used [0x00000000c0000000,0x00000000c2d51868,0x00000000cc680000)
 Metaspace       used 46803K, capacity 49152K, committed 49280K, reserved 1091584K
  class space    used 6450K, capacity 7264K, committed 7296K, reserved 1048576K
}

Deoptimization events (10 events):
Event: 39.585 Thread 0x0000000017d81000 Uncommon trap: reason=unstable_if action=reinterpret pc=0x00000000041911b0 method=org.codehaus.groovy.util.LockableObject.lock()V @ 6
Event: 39.591 Thread 0x0000000017d7e000 Uncommon trap: reason=unstable_if action=reinterpret pc=0x0000000003ae000c method=java.lang.ThreadLocal.get()Ljava/lang/Object; @ 11
Event: 39.591 Thread 0x0000000017d7e000 Uncommon trap: reason=unstable_if action=reinterpret pc=0x00000000041911e8 method=java.util.concurrent.locks.AbstractQueuedSynchronizer.release(I)Z @ 14
Event: 39.591 Thread 0x0000000017d83800 Uncommon trap: reason=unstable_if action=reinterpret pc=0x00000000041f56f0 method=org.codehaus.groovy.util.LockableObject.lock()V @ 6
Event: 39.592 Thread 0x0000000017d7e000 Uncommon trap: reason=unstable_if action=reinterpret pc=0x00000000041f573c method=java.util.concurrent.locks.AbstractQueuedSynchronizer.release(I)Z @ 14
Event: 39.610 Thread 0x0000000017d7f800 Uncommon trap: reason=unstable_if action=reinterpret pc=0x0000000003ef7914 method=groovy.lang.MetaClassImpl.findPropertyMethod(Ljava/lang/Object;ZZ)Lgroovy/lang/MetaMethod; @ 95
Event: 39.702 Thread 0x0000000017d7f000 Uncommon trap: reason=class_check action=maybe_recompile pc=0x00000000035b8d9c method=java.util.concurrent.ConcurrentHashMap.putVal(Ljava/lang/Object;Ljava/lang/Object;Z)Ljava/lang/Object; @ 192
Event: 39.702 Thread 0x0000000017d81000 Uncommon trap: reason=class_check action=maybe_recompile pc=0x00000000035b8d9c method=java.util.concurrent.ConcurrentHashMap.putVal(Ljava/lang/Object;Ljava/lang/Object;Z)Ljava/lang/Object; @ 192
Event: 39.702 Thread 0x0000000017d84800 Uncommon trap: reason=class_check action=maybe_recompile pc=0x00000000035b8d9c method=java.util.concurrent.ConcurrentHashMap.putVal(Ljava/lang/Object;Ljava/lang/Object;Z)Ljava/lang/Object; @ 192
Event: 39.702 Thread 0x0000000017d7f800 Uncommon trap: reason=class_check action=maybe_recompile pc=0x00000000035b8d9c method=java.util.concurrent.ConcurrentHashMap.putVal(Ljava/lang/Object;Ljava/lang/Object;Z)Ljava/lang/Object; @ 192

Internal exceptions (10 events):
Event: 39.626 Thread 0x0000000017d85000 Exception <a 'java/lang/ClassNotFoundException': com/google/common/hash/HashCodeBeanInfo> (0x00000000edc7dba0) thrown at [C:\re\workspace\8-2-build-windows-amd64-cygwin\jdk8u45\3627\hotspot\src\share\vm\classfile\systemDictionary.cpp, line 210]
Event: 39.626 Thread 0x0000000017d85000 Exception <a 'java/lang/ClassNotFoundException': com/google/common/hash/HashCodeCustomizer> (0x00000000edc85bc0) thrown at [C:\re\workspace\8-2-build-windows-amd64-cygwin\jdk8u45\3627\hotspot\src\share\vm\classfile\systemDictionary.cpp, line 210]
Event: 39.627 Thread 0x0000000017d85000 Exception <a 'java/lang/ClassNotFoundException': com/google/common/hash/HashCode$BytesHashCodeCustomizer> (0x00000000edc96c98) thrown at [C:\re\workspace\8-2-build-windows-amd64-cygwin\jdk8u45\3627\hotspot\src\share\vm\classfile\systemDictionary.cpp, line ÀË¬bA“C@
Event: 39.643 Thread 0x0000000017d84800 Exception <a 'java/lang/ClassNotFoundException': com/google/common/base/CharsetsBeanInfo> (0x00000000edb71650) thrown at [C:\re\workspace\8-2-build-windows-amd64-cygwin\jdk8u45\3627\hotspot\src\share\vm\classfile\systemDictionary.cpp, line 210]
Event: 39.643 Thread 0x0000000017d84800 Exception <a 'java/lang/ClassNotFoundException': com/google/common/base/CharsetsCustomizer> (0x00000000edb79670) thrown at [C:\re\workspace\8-2-build-windows-amd64-cygwin\jdk8u45\3627\hotspot\src\share\vm\classfile\systemDictionary.cpp, line 210]
Event: 39.645 Thread 0x0000000017d84800 Exception <a 'java/lang/ClassNotFoundException': com/google/common/hash/MessageDigestHashFunctionBeanInfo> (0x00000000edb97d40) thrown at [C:\re\workspace\8-2-build-windows-amd64-cygwin\jdk8u45\3627\hotspot\src\share\vm\classfile\systemDictionary.cpp, lineóx≤§£“C@
Event: 39.646 Thread 0x0000000017d84800 Exception <a 'java/lang/ClassNotFoundException': com/google/common/hash/AbstractStreamingHashFunctionBeanInfo> (0x00000000edba21c0) thrown at [C:\re\workspace\8-2-build-windows-amd64-cygwin\jdk8u45\3627\hotspot\src\share\vm\classfile\systemDictionary.cpp, ,‰2∞“C@
Event: 39.646 Thread 0x0000000017d84800 Exception <a 'java/lang/ClassNotFoundException': com/google/common/hash/AbstractStreamingHashFunctionCustomizer> (0x00000000edbac8a8) thrown at [C:\re\workspace\8-2-build-windows-amd64-cygwin\jdk8u45\3627\hotspot\src\share\vm\classfile\systemDictionary.cpp'pﬁ¡“C@
Event: 39.647 Thread 0x0000000017d84800 Exception <a 'java/lang/ClassNotFoundException': com/google/common/hash/MessageDigestHashFunctionCustomizer> (0x00000000edbbe4b0) thrown at [C:\re\workspace\8-2-build-windows-amd64-cygwin\jdk8u45\3627\hotspot\src\share\vm\classfile\systemDictionary.cpp, liﬂ Æ¢˜ËC@
Event: 39.820 Thread 0x00000000199e7000 Exception <a 'java/lang/reflect/InvocationTargetException'> (0x00000000ed677140) thrown at [C:\re\workspace\8-2-build-windows-amd64-cygwin\jdk8u45\3627\hotspot\src\share\vm\runtime\reflection.cpp, line 1080]

Events (10 events):
Event: 39.873 loading class com/android/ide/common/xml/XmlAttributeSortOrder$2
Event: 39.873 loading class com/android/ide/common/xml/XmlAttributeSortOrder$2 done
Event: 39.874 loading class com/android/ide/common/xml/XmlFormatStyle
Event: 39.874 loading class com/android/ide/common/xml/XmlFormatStyle done
Event: 39.875 loading class com/android/utils/SdkUtils
Event: 39.875 loading class com/android/utils/SdkUtils done
Event: 39.877 loading class com/android/ide/common/xml/XmlAttributeSortOrder$3
Event: 39.877 loading class com/android/ide/common/xml/XmlAttributeSortOrder$3 done
Event: 39.879 loading class com/google/common/io/ByteSink$AsCharSink
Event: 39.879 loading class com/google/common/io/ByteSink$AsCharSink done


Dynamic libraries:
0x00007ff669060000 - 0x00007ff669097000 	C:\Program Files\Java\jdk1.8.0_45\bin\java.exe
0x00007ff8cf840000 - 0x00007ff8cfa01000 	C:\WINDOWS\SYSTEM32\ntdll.dll
0x00007ff8cd7c0000 - 0x00007ff8cd86d000 	C:\WINDOWS\system32\KERNEL32.DLL
0x00007ff8ccc70000 - 0x00007ff8cce4d000 	C:\WINDOWS\system32\KERNELBASE.dll
0x00007ff8cd480000 - 0x00007ff8cd526000 	C:\WINDOWS\system32\ADVAPI32.dll
0x00007ff8cd870000 - 0x00007ff8cd90d000 	C:\WINDOWS\system32\msvcrt.dll
0x00007ff8cd410000 - 0x00007ff8cd46b000 	C:\WINDOWS\system32\sechost.dll
0x00007ff8cd2e0000 - 0x00007ff8cd406000 	C:\WINDOWS\system32\RPCRT4.dll
0x00007ff8cd190000 - 0x00007ff8cd2de000 	C:\WINDOWS\system32\USER32.dll
0x00007ff8cddb0000 - 0x00007ff8cdf36000 	C:\WINDOWS\system32\GDI32.dll
0x00007ff8c7620000 - 0x00007ff8c7894000 	C:\WINDOWS\WinSxS\amd64_microsoft.windows.common-controls_6595b64144ccf1df_6.0.10240.16384_none_f41f7b285750ef43\COMCTL32.dll
0x00007ff8cd0e0000 - 0x00007ff8cd116000 	C:\WINDOWS\system32\IMM32.DLL
0x00007ff8cd5b0000 - 0x00007ff8cd70c000 	C:\WINDOWS\system32\MSCTF.dll
0x000000006cb10000 - 0x000000006cbe2000 	C:\Program Files\Java\jdk1.8.0_45\jre\bin\msvcr100.dll
0x000000006cf90000 - 0x000000006d813000 	C:\Program Files\Java\jdk1.8.0_45\jre\bin\server\jvm.dll
0x00007ff8cd470000 - 0x00007ff8cd478000 	C:\WINDOWS\system32\PSAPI.DLL
0x00007ff8ca990000 - 0x00007ff8ca999000 	C:\WINDOWS\SYSTEM32\WSOCK32.dll
0x00007ff8ca180000 - 0x00007ff8ca1a3000 	C:\WINDOWS\SYSTEM32\WINMM.dll
0x00007ff8c8100000 - 0x00007ff8c810a000 	C:\WINDOWS\SYSTEM32\VERSION.dll
0x00007ff8cf7d0000 - 0x00007ff8cf839000 	C:\WINDOWS\system32\WS2_32.dll
0x00007ff8cf7c0000 - 0x00007ff8cf7c8000 	C:\WINDOWS\system32\NSI.dll
0x00007ff8c78a0000 - 0x00007ff8c78cc000 	C:\WINDOWS\SYSTEM32\WINMMBASE.dll
0x00007ff8ccbc0000 - 0x00007ff8ccc04000 	C:\WINDOWS\system32\cfgmgr32.dll
0x00007ff8cabe0000 - 0x00007ff8cac07000 	C:\WINDOWS\SYSTEM32\DEVOBJ.dll
0x000000006cf80000 - 0x000000006cf8f000 	C:\Program Files\Java\jdk1.8.0_45\jre\bin\verify.dll
0x000000006cf50000 - 0x000000006cf79000 	C:\Program Files\Java\jdk1.8.0_45\jre\bin\java.dll
0x000000006cf30000 - 0x000000006cf46000 	C:\Program Files\Java\jdk1.8.0_45\jre\bin\zip.dll
0x00007ff8ce000000 - 0x00007ff8cf522000 	C:\WINDOWS\system32\SHELL32.dll
0x00007ff8cc4e0000 - 0x00007ff8ccb09000 	C:\WINDOWS\system32\windows.storage.dll
0x00007ff8cdb30000 - 0x00007ff8cddac000 	C:\WINDOWS\system32\combase.dll
0x00007ff8cd120000 - 0x00007ff8cd171000 	C:\WINDOWS\system32\shlwapi.dll
0x00007ff8cc300000 - 0x00007ff8cc30f000 	C:\WINDOWS\system32\kernel.appcore.dll
0x00007ff8cce50000 - 0x00007ff8ccf03000 	C:\WINDOWS\system32\shcore.dll
0x00007ff8cc290000 - 0x00007ff8cc2da000 	C:\WINDOWS\system32\powrprof.dll
0x00007ff8cc270000 - 0x00007ff8cc283000 	C:\WINDOWS\system32\profapi.dll
0x000000006cf10000 - 0x000000006cf2a000 	C:\Program Files\Java\jdk1.8.0_45\jre\bin\net.dll
0x00007ff8cbae0000 - 0x00007ff8cbb3d000 	C:\WINDOWS\system32\mswsock.dll
0x000000006cef0000 - 0x000000006cf01000 	C:\Program Files\Java\jdk1.8.0_45\jre\bin\nio.dll
0x00007ff8c0ba0000 - 0x00007ff8c0bb2000 	C:\Users\Felipe\.gradle\native\19\windows-amd64\native-platform.dll
0x00007ff8c9d40000 - 0x00007ff8c9d78000 	C:\WINDOWS\SYSTEM32\IPHLPAPI.DLL
0x00007ff8c9c60000 - 0x00007ff8c9c6b000 	C:\WINDOWS\SYSTEM32\WINNSI.DLL
0x00007ff8c9560000 - 0x00007ff8c9576000 	C:\WINDOWS\SYSTEM32\dhcpcsvc6.DLL
0x00007ff8c9540000 - 0x00007ff8c955a000 	C:\WINDOWS\SYSTEM32\dhcpcsvc.DLL
0x00007ff8cbb40000 - 0x00007ff8cbb57000 	C:\WINDOWS\SYSTEM32\CRYPTSP.dll
0x00007ff8cc1a0000 - 0x00007ff8cc1c8000 	C:\WINDOWS\SYSTEM32\bcrypt.dll
0x00007ff8cb790000 - 0x00007ff8cb7c3000 	C:\WINDOWS\system32\rsaenh.dll
0x00007ff8cb880000 - 0x00007ff8cb89f000 	C:\WINDOWS\SYSTEM32\USERENV.dll
0x00007ff8cc090000 - 0x00007ff8cc0fb000 	C:\WINDOWS\system32\bcryptprimitives.dll
0x00007ff8cbcb0000 - 0x00007ff8cbcbb000 	C:\WINDOWS\SYSTEM32\CRYPTBASE.dll
0x000000006d940000 - 0x000000006d94d000 	C:\Program Files\Java\jdk1.8.0_45\jre\bin\management.dll

VM Arguments:
jvm_args: -XX:MaxPermSize=256m -XX:+HeapDumpOnOutOfMemoryError -Xmx1024m -Dfile.encoding=windows-1252 -Duser.country=US -Duser.language=en -Duser.variant 
java_command: org.gradle.launcher.daemon.bootstrap.GradleDaemon 2.4 C:\Users\Felipe\.gradle C:\Users\Felipe\.gradle\daemon 10800000 38f4dc3b-02d6-4538-b76e-51ab8f6d0cef -XX:MaxPermSize=256m -XX:+HeapDumpOnOutOfMemoryError -Xmx1024m -Dfile.encoding=windows-1252 -Duser.country=US -Duser.language=en -Duser.variant
java_class_path (initial): C:\Program Files\Android\Android Studio\gradle\gradle-2.4\lib\gradle-launcher-2.4.jar
Launcher Type: SUN_STANDARD

Environment Variables:
PATH=C:\ProgramData\Oracle\Java\javapath;C:\Program Files (x86)\Intel\iCLS Client\;C:\Program Files\Intel\iCLS Client\;C:\WINDOWS\system32;C:\WINDOWS;C:\WINDOWS\System32\Wbem;C:\WINDOWS\System32\WindowsPowerShell\v1.0\;C:\Program Files\Intel\Intel(R) Management Engine Components\DAL;C:\Program Files\Intel\Intel(R) Management Engine Components\IPT;C:\Program Files (x86)\Intel\Intel(R) Management Engine Components\DAL;C:\Program Files (x86)\Intel\Intel(R) Management Engine Components\IPT;C:\Program Files\Diskeeper Corporation\ExpressCache\;C:\Program Files\Intel\WiFi\bin\;C:\Program Files\Common Files\Intel\WirelessCommon\;C:\Program Files (x86)\Git\cmd;C:\Program Files (x86)\NVIDIA Corporation\PhysX\Common;C:\Program Files (x86)\Skype\Phone\;%SystemRoot%\system32;%SystemRoot%;%SystemRoot%\System32\Wbem;%SYSTEMROOT%\System32\WindowsPowerShell\v1.0\
USERNAME=Felipe
OS=Windows_NT
PROCESSOR_IDENTIFIER=Intel64 Family 6 Model 58 Stepping 9, GenuineIntel



---------------  S Y S T E M  ---------------

OS: Windows 10.0 , 64 bit Build 10240 (10.0.10240.16384)

CPU:total 8 (4 cores per cpu, 2 threads per core) family 6 model 58 stepping 9, cmov, cx8, fxsr, mmx, sse, sse2, sse3, ssse3, sse4.1, sse4.2, popcnt, avx, aes, clmul, erms, ht, tsc, tscinvbit, tscinv

Memory: 4k page, physical 16723228k(5280148k free), swap 19730716k(5176k free)

vm_info: Java HotSpot(TM) 64-Bit Server VM (25.45-b02) for windows-amd64 JRE (1.8.0_45-b15), built on Apr 30 2015 12:40:44 by "java_re" with MS VC++ 10.0 (VS2010)

time: Mon Aug 24 16:20:56 2015
elapsed time: 39 seconds (0d 0h 0m 39s)

