#
# There is insufficient memory for the Java Runtime Environment to continue.
# Native memory allocation (malloc) failed to allocate 153392 bytes for Chunk::new
# Possible reasons:
#   The system is out of physical RAM or swap space
#   In 32 bit mode, the process size limit was hit
# Possible solutions:
#   Reduce memory load on the system
#   Increase physical memory or swap space
#   Check if swap backing store is full
#   Use 64 bit Java on a 64 bit OS
#   Decrease Java heap size (-Xmx/-Xms)
#   Decrease number of Java threads
#   Decrease Java thread stack sizes (-Xss)
#   Set larger code cache with -XX:ReservedCodeCacheSize=
# This output file may be truncated or incomplete.
#
#  Out of Memory Error (allocation.cpp:390), pid=604, tid=9196
#
# JRE version: Java(TM) SE Runtime Environment (8.0_45-b15) (build 1.8.0_45-b15)
# Java VM: Java HotSpot(TM) 64-Bit Server VM (25.45-b02 mixed mode windows-amd64 compressed oops)
# Failed to write core dump. Minidumps are not enabled by default on client versions of Windows
#

---------------  T H R E A D  ---------------

Current thread (0x000000001750e000):  JavaThread "C2 CompilerThread1" daemon [_thread_in_native, id=9196, stack(0x0000000017be0000,0x0000000017ce0000)]

Stack: [0x0000000017be0000,0x0000000017ce0000]
[error occurred during error reporting (printing stack bounds), id 0xc0000005]

Native frames: (J=compiled Java code, j=interpreted, Vv=VM code, C=native code)
V  [jvm.dll+0x32b57a]
V  [jvm.dll+0x279873]
V  [jvm.dll+0x27a509]
V  [jvm.dll+0x2934e6]
V  [jvm.dll+0x297e0c]
V  [jvm.dll+0x5ca86f]
C  [msvcr100.dll+0x712e3]
V  [jvm.dll+0x5c9f6d]
C  [ntdll.dll+0x9633d]
C  [ntdll.dll+0x13c00]
C  [ntdll.dll+0x9544a]
V  [jvm.dll+0x21bcd1]


Current CompileTask:
C2:  41288 8439   !   4       java.util.Formatter::format (271 bytes)


---------------  P R O C E S S  ---------------

Java Threads: ( => current thread )
  0x000000001da28000 JavaThread "Forward streams with process: command 'C:\Program Files\Java\jdk1.8.0_45\bin\java.exe' Thread 3" [_thread_in_native, id=4604, stack(0x0000000023250000,0x0000000023350000)]
  0x000000001da21000 JavaThread "Forward streams with process: command 'C:\Program Files\Java\jdk1.8.0_45\bin\java.exe' Thread 2" [_thread_blocked, id=7892, stack(0x0000000023150000,0x0000000023250000)]
  0x000000001c124000 JavaThread "Forward streams with process: command 'C:\Program Files\Java\jdk1.8.0_45\bin\java.exe'" [_thread_blocked, id=4752, stack(0x0000000023050000,0x0000000023150000)]
  0x000000001c129000 JavaThread "Run command 'C:\Program Files\Java\jdk1.8.0_45\bin\java.exe'" [_thread_in_native, id=1804, stack(0x0000000022b50000,0x0000000022c50000)]
  0x000000001c123000 JavaThread "Forward streams with process: command 'C:\Program Files\Java\jdk1.8.0_45\bin\java.exe' Thread 3" [_thread_in_native, id=10860, stack(0x00000000246d0000,0x00000000247d0000)]
  0x000000001c127800 JavaThread "Forward streams with process: command 'C:\Program Files\Java\jdk1.8.0_45\bin\java.exe' Thread 2" [_thread_in_native, id=3244, stack(0x00000000245d0000,0x00000000246d0000)]
  0x000000001c125800 JavaThread "Forward streams with process: command 'C:\Program Files\Java\jdk1.8.0_45\bin\java.exe'" [_thread_blocked, id=4484, stack(0x00000000244d0000,0x00000000245d0000)]
  0x000000001c128800 JavaThread "Forward streams with process: command 'C:\Program Files\Java\jdk1.8.0_45\bin\java.exe' Thread 3" [_thread_in_native, id=12980, stack(0x00000000242d0000,0x00000000243d0000)]
  0x000000001c124800 JavaThread "Forward streams with process: command 'C:\Program Files\Java\jdk1.8.0_45\bin\java.exe' Thread 2" [_thread_in_native, id=14164, stack(0x00000000241d0000,0x00000000242d0000)]
  0x000000001c122800 JavaThread "Forward streams with process: command 'C:\Program Files\Java\jdk1.8.0_45\bin\java.exe'" [_thread_blocked, id=8120, stack(0x00000000240d0000,0x00000000241d0000)]
  0x000000001c121800 JavaThread "Forward streams with process: command 'C:\Program Files\Java\jdk1.8.0_45\bin\java.exe' Thread 3" [_thread_blocked, id=9276, stack(0x0000000023e50000,0x0000000023f50000)]
  0x000000001c126000 JavaThread "Forward streams with process: command 'C:\Program Files\Java\jdk1.8.0_45\bin\java.exe' Thread 2" [_thread_in_Java, id=12388, stack(0x0000000023d50000,0x0000000023e50000)]
  0x000000001c11b000 JavaThread "Forward streams with process: command 'C:\Program Files\Java\jdk1.8.0_45\bin\java.exe' Thread 3" [_thread_in_native, id=12544, stack(0x0000000023b50000,0x0000000023c50000)]
  0x000000001c11e800 JavaThread "Forward streams with process: command 'C:\Program Files\Java\jdk1.8.0_45\bin\java.exe' Thread 2" [_thread_in_native, id=5824, stack(0x0000000023a50000,0x0000000023b50000)]
  0x000000001c121000 JavaThread "Forward streams with process: command 'C:\Program Files\Java\jdk1.8.0_45\bin\java.exe'" [_thread_blocked, id=6848, stack(0x0000000023950000,0x0000000023a50000)]
  0x000000001c11e000 JavaThread "Forward streams with process: command 'C:\Program Files\Java\jdk1.8.0_45\bin\java.exe' Thread 3" [_thread_in_native, id=8656, stack(0x0000000023850000,0x0000000023950000)]
  0x000000001c11d000 JavaThread "Forward streams with process: command 'C:\Program Files\Java\jdk1.8.0_45\bin\java.exe' Thread 2" [_thread_in_native, id=8572, stack(0x0000000023750000,0x0000000023850000)]
  0x000000001c120000 JavaThread "Forward streams with process: command 'C:\Program Files\Java\jdk1.8.0_45\bin\java.exe'" [_thread_blocked, id=10800, stack(0x0000000023650000,0x0000000023750000)]
  0x000000001c11c800 JavaThread "Forward streams with process: command 'C:\Program Files\Java\jdk1.8.0_45\bin\java.exe' Thread 3" [_thread_in_native, id=1944, stack(0x0000000023550000,0x0000000023650000)]
  0x000000001c11b800 JavaThread "Forward streams with process: command 'C:\Program Files\Java\jdk1.8.0_45\bin\java.exe' Thread 2" [_thread_in_native, id=10916, stack(0x0000000023450000,0x0000000023550000)]
  0x000000001c11f800 JavaThread "Forward streams with process: command 'C:\Program Files\Java\jdk1.8.0_45\bin\java.exe'" [_thread_blocked, id=10528, stack(0x0000000023350000,0x0000000023450000)]
  0x000000001da25800 JavaThread "Forward streams with process: command 'C:\Program Files\Java\jdk1.8.0_45\bin\java.exe' Thread 3" [_thread_in_native, id=13380, stack(0x0000000022f50000,0x0000000023050000)]
  0x000000001da24000 JavaThread "Forward streams with process: command 'C:\Program Files\Java\jdk1.8.0_45\bin\java.exe' Thread 2" [_thread_in_native, id=8968, stack(0x0000000022e50000,0x0000000022f50000)]
  0x000000001da23800 JavaThread "Forward streams with process: command 'C:\Program Files\Java\jdk1.8.0_45\bin\java.exe'" [_thread_blocked, id=1448, stack(0x0000000022d50000,0x0000000022e50000)]
  0x000000001da22000 JavaThread "Run command 'C:\Program Files\Java\jdk1.8.0_45\bin\java.exe'" [_thread_in_native, id=13792, stack(0x0000000022a50000,0x0000000022b50000)]
  0x000000001da25000 JavaThread "Run command 'C:\Program Files\Java\jdk1.8.0_45\bin\java.exe'" [_thread_in_native, id=5472, stack(0x0000000022950000,0x0000000022a50000)]
  0x000000001b16d000 JavaThread "Run command 'C:\Program Files\Java\jdk1.8.0_45\bin\java.exe'" [_thread_in_native, id=7968, stack(0x0000000022850000,0x0000000022950000)]
  0x000000001b170800 JavaThread "Run command 'C:\Program Files\Java\jdk1.8.0_45\bin\java.exe'" [_thread_blocked, id=13220, stack(0x0000000022750000,0x0000000022850000)]
  0x000000001c422000 JavaThread "Run command 'C:\Program Files\Java\jdk1.8.0_45\bin\java.exe'" [_thread_in_native, id=8876, stack(0x0000000022650000,0x0000000022750000)]
  0x000000001c421000 JavaThread "Run command 'C:\Program Files\Java\jdk1.8.0_45\bin\java.exe'" [_thread_in_native, id=1816, stack(0x0000000022550000,0x0000000022650000)]
  0x000000001c420800 JavaThread "Run command 'C:\Program Files\Java\jdk1.8.0_45\bin\java.exe'" [_thread_in_native, id=6568, stack(0x0000000022450000,0x0000000022550000)]
  0x000000001c41f000 JavaThread "pool-2-thread-8" [_thread_blocked, id=12420, stack(0x0000000022350000,0x0000000022450000)]
  0x000000001c41e000 JavaThread "pool-2-thread-7" [_thread_blocked, id=4164, stack(0x0000000022250000,0x0000000022350000)]
  0x000000001c41f800 JavaThread "pool-2-thread-6" [_thread_blocked, id=13288, stack(0x0000000021ed0000,0x0000000021fd0000)]
  0x000000001c417000 JavaThread "pool-2-thread-5" [_thread_blocked, id=11864, stack(0x0000000021dd0000,0x0000000021ed0000)]
  0x000000001c416800 JavaThread "pool-2-thread-4" [_thread_blocked, id=9428, stack(0x0000000021cd0000,0x0000000021dd0000)]
  0x000000001c415800 JavaThread "pool-2-thread-3" [_thread_blocked, id=12416, stack(0x00000000217d0000,0x00000000218d0000)]
  0x000000001c41b800 JavaThread "pool-2-thread-2" [_thread_blocked, id=8884, stack(0x00000000216d0000,0x00000000217d0000)]
  0x000000001c41b000 JavaThread "pool-2-thread-1" [_thread_blocked, id=13260, stack(0x00000000215d0000,0x00000000216d0000)]
  0x000000001c41c800 JavaThread "Stdin handler" [_thread_blocked, id=12496, stack(0x000000001ec90000,0x000000001ed90000)]
  0x000000001c413800 JavaThread "Cancel handler" [_thread_blocked, id=9040, stack(0x000000001cd70000,0x000000001ce70000)]
  0x000000001c415000 JavaThread "Handler for socket connection from /127.0.0.1:57803 to /127.0.0.1:57941" [_thread_in_native, id=12348, stack(0x000000001a3d0000,0x000000001a4d0000)]
  0x000000001bedc800 JavaThread "File lock request listener" [_thread_in_native, id=3316, stack(0x000000001cc70000,0x000000001cd70000)]
  0x000000001927b000 JavaThread "Daemon worker" [_thread_blocked, id=12440, stack(0x000000001a2d0000,0x000000001a3d0000)]
  0x0000000019288800 JavaThread "Daemon" [_thread_blocked, id=2968, stack(0x0000000019fd0000,0x000000001a0d0000)]
  0x0000000018f32000 JavaThread "Incoming local TCP Connector on port 57803" [_thread_in_native, id=4044, stack(0x0000000019bf0000,0x0000000019cf0000)]
  0x0000000017562000 JavaThread "Service Thread" daemon [_thread_blocked, id=8144, stack(0x0000000017ee0000,0x0000000017fe0000)]
  0x000000001751f000 JavaThread "C1 CompilerThread3" daemon [_thread_in_native, id=10348, stack(0x0000000017de0000,0x0000000017ee0000)]
  0x0000000017511000 JavaThread "C2 CompilerThread2" daemon [_thread_in_native, id=6300, stack(0x0000000017ce0000,0x0000000017de0000)]
=>0x000000001750e000 JavaThread "C2 CompilerThread1" daemon [_thread_in_native, id=9196, stack(0x0000000017be0000,0x0000000017ce0000)]
  0x0000000017507800 JavaThread "C2 CompilerThread0" daemon [_thread_in_native, id=4508, stack(0x0000000017ae0000,0x0000000017be0000)]
  0x0000000017506000 JavaThread "Attach Listener" daemon [_thread_blocked, id=7008, stack(0x00000000179e0000,0x0000000017ae0000)]
  0x0000000017505000 JavaThread "Signal Dispatcher" daemon [_thread_blocked, id=13212, stack(0x00000000178e0000,0x00000000179e0000)]
  0x00000000029fa800 JavaThread "Finalizer" daemon [_thread_blocked, id=13064, stack(0x00000000173e0000,0x00000000174e0000)]
  0x00000000029f4000 JavaThread "Reference Handler" daemon [_thread_blocked, id=11568, stack(0x00000000172e0000,0x00000000173e0000)]
  0x000000000270e000 JavaThread "main" [_thread_blocked, id=13560, stack(0x0000000002800000,0x0000000002900000)]

Other Threads:
  0x0000000015519000 VMThread [stack: 0x00000000171e0000,0x00000000172e0000] [id=10064]
  0x0000000017563000 WatcherThread [stack: 0x0000000017fe0000,0x00000000180e0000] [id=12576]

VM state:synchronizing (normal execution)

VM Mutex/Monitor currently owned by a thread:  ([mutex/lock_event])
[0x000000000270dac0] Threads_lock - owner thread: 0x0000000015519000

Heap:
 PSYoungGen      total 160256K, used 131191K [0x00000000eab00000, 0x00000000f6e00000, 0x0000000100000000)
  eden space 135168K, 97% used [0x00000000eab00000,0x00000000f2b1dc08,0x00000000f2f00000)
  from space 25088K, 0% used [0x00000000f2f00000,0x00000000f2f00000,0x00000000f4780000)
  to   space 28160K, 0% used [0x00000000f5280000,0x00000000f5280000,0x00000000f6e00000)
 ParOldGen       total 220672K, used 42448K [0x00000000c0000000, 0x00000000cd780000, 0x00000000eab00000)
  object space 220672K, 19% used [0x00000000c0000000,0x00000000c29740a0,0x00000000cd780000)
 Metaspace       used 49581K, capacity 51580K, committed 51584K, reserved 1093632K
  class space    used 6780K, capacity 7548K, committed 7552K, reserved 1048576K

Card table byte_map: [0x0000000011dc0000,0x0000000011fd0000] byte_map_base: 0x00000000117c0000

Marking Bits: (ParMarkBitMap*) 0x000000006d794040
 Begin Bits: [0x0000000012930000, 0x0000000013930000)
 End Bits:   [0x0000000013930000, 0x0000000014930000)

Polling page: 0x00000000026b0000

CodeCache: size=245760Kb used=25783Kb max_used=27192Kb free=219976Kb
 bounds [0x0000000002a00000, 0x00000000044b0000, 0x0000000011a00000]
 total_blobs=7760 nmethods=7060 adapters=611
 compilation: enabled

Compilation events (10 events):
Event: 41.246 Thread 0x000000001751f000 nmethod 8445 0x00000000032e3450 code [0x00000000032e35a0, 0x00000000032e36b0]
Event: 41.246 Thread 0x000000001751f000 8446       1       java.lang.StackTraceElement::getFileName (5 bytes)
Event: 41.246 Thread 0x000000001751f000 nmethod 8446 0x0000000003c8ab10 code [0x0000000003c8ac60, 0x0000000003c8ad70]
Event: 41.246 Thread 0x000000001751f000 8447       3       org.gradle.logging.internal.slf4j.OutputEventListenerBackedLogger::isInfoEnabled (8 bytes)
Event: 41.246 Thread 0x000000001751f000 nmethod 8447 0x0000000002cde6d0 code [0x0000000002cde860, 0x0000000002cded28]
Event: 41.246 Thread 0x000000001751f000 8448       1       java.lang.StackTraceElement::getClassName (5 bytes)
Event: 41.247 Thread 0x000000001751f000 nmethod 8448 0x0000000003780a50 code [0x0000000003780ba0, 0x0000000003780cb0]
Event: 41.254 Thread 0x000000001751f000 8449       3       java.util.concurrent.ThreadPoolExecutor::execute (132 bytes)
Event: 41.256 Thread 0x0000000017511000 8450       4       org.gradle.logging.internal.AbstractLineChoppingStyledTextOutput::doAppend (142 bytes)
Event: 41.257 Thread 0x000000001751f000 nmethod 8449 0x0000000002d6fa50 code [0x0000000002d6fca0, 0x0000000002d70b88]

GC Heap History (10 events):
Event: 10.473 GC heap before
{Heap before GC invocations=8 (full 2):
 PSYoungGen      total 98816K, used 88064K [0x00000000eab00000, 0x00000000f4900000, 0x0000000100000000)
  eden space 88064K, 100% used [0x00000000eab00000,0x00000000f0100000,0x00000000f0100000)
  from space 10752K, 0% used [0x00000000f0100000,0x00000000f0100000,0x00000000f0b80000)
  to   space 19456K, 0% used [0x00000000f3600000,0x00000000f3600000,0x00000000f4900000)
 ParOldGen       total 220672K, used 25992K [0x00000000c0000000, 0x00000000cd780000, 0x00000000eab00000)
  object space 220672K, 11% used [0x00000000c0000000,0x00000000c1962298,0x00000000cd780000)
 Metaspace       used 36927K, capacity 37932K, committed 38016K, reserved 1081344K
  class space    used 5096K, capacity 5443K, committed 5504K, reserved 1048576K
Event: 10.487 GC heap after
Heap after GC invocations=8 (full 2):
 PSYoungGen      total 122368K, used 10875K [0x00000000eab00000, 0x00000000f4100000, 0x0000000100000000)
  eden space 111104K, 0% used [0x00000000eab00000,0x00000000eab00000,0x00000000f1780000)
  from space 11264K, 96% used [0x00000000f3600000,0x00000000f409ee98,0x00000000f4100000)
  to   space 18432K, 0% used [0x00000000f1d00000,0x00000000f1d00000,0x00000000f2f00000)
 ParOldGen       total 220672K, used 26000K [0x00000000c0000000, 0x00000000cd780000, 0x00000000eab00000)
  object space 220672K, 11% used [0x00000000c0000000,0x00000000c1964298,0x00000000cd780000)
 Metaspace       used 36927K, capacity 37932K, committed 38016K, reserved 1081344K
  class space    used 5096K, capacity 5443K, committed 5504K, reserved 1048576K
}
Event: 16.108 GC heap before
{Heap before GC invocations=9 (full 2):
 PSYoungGen      total 122368K, used 121979K [0x00000000eab00000, 0x00000000f4100000, 0x0000000100000000)
  eden space 111104K, 100% used [0x00000000eab00000,0x00000000f1780000,0x00000000f1780000)
  from space 11264K, 96% used [0x00000000f3600000,0x00000000f409ee98,0x00000000f4100000)
  to   space 18432K, 0% used [0x00000000f1d00000,0x00000000f1d00000,0x00000000f2f00000)
 ParOldGen       total 220672K, used 26000K [0x00000000c0000000, 0x00000000cd780000, 0x00000000eab00000)
  object space 220672K, 11% used [0x00000000c0000000,0x00000000c1964298,0x00000000cd780000)
 Metaspace       used 41042K, capacity 42456K, committed 42624K, reserved 1085440K
  class space    used 5715K, capacity 6259K, committed 6272K, reserved 1048576K
Event: 16.131 GC heap after
Heap after GC invocations=9 (full 2):
 PSYoungGen      total 135168K, used 18416K [0x00000000eab00000, 0x00000000f5e00000, 0x0000000100000000)
  eden space 116736K, 0% used [0x00000000eab00000,0x00000000eab00000,0x00000000f1d00000)
  from space 18432K, 99% used [0x00000000f1d00000,0x00000000f2efc020,0x00000000f2f00000)
  to   space 23040K, 0% used [0x00000000f4780000,0x00000000f4780000,0x00000000f5e00000)
 ParOldGen       total 220672K, used 30076K [0x00000000c0000000, 0x00000000cd780000, 0x00000000eab00000)
  object space 220672K, 13% used [0x00000000c0000000,0x00000000c1d5f318,0x00000000cd780000)
 Metaspace       used 41042K, capacity 42456K, committed 42624K, reserved 1085440K
  class space    used 5715K, capacity 6259K, committed 6272K, reserved 1048576K
}
Event: 19.337 GC heap before
{Heap before GC invocations=10 (full 2):
 PSYoungGen      total 135168K, used 135152K [0x00000000eab00000, 0x00000000f5e00000, 0x0000000100000000)
  eden space 116736K, 100% used [0x00000000eab00000,0x00000000f1d00000,0x00000000f1d00000)
  from space 18432K, 99% used [0x00000000f1d00000,0x00000000f2efc020,0x00000000f2f00000)
  to   space 23040K, 0% used [0x00000000f4780000,0x00000000f4780000,0x00000000f5e00000)
 ParOldGen       total 220672K, used 30076K [0x00000000c0000000, 0x00000000cd780000, 0x00000000eab00000)
  object space 220672K, 13% used [0x00000000c0000000,0x00000000c1d5f318,0x00000000cd780000)
 Metaspace       used 42582K, capacity 44072K, committed 44288K, reserved 1087488K
  class space    used 5949K, capacity 6595K, committed 6656K, reserved 1048576K
Event: 19.358 GC heap after
Heap after GC invocations=10 (full 2):
 PSYoungGen      total 158208K, used 20489K [0x00000000eab00000, 0x00000000f6800000, 0x0000000100000000)
  eden space 135168K, 0% used [0x00000000eab00000,0x00000000eab00000,0x00000000f2f00000)
  from space 23040K, 88% used [0x00000000f4780000,0x00000000f5b826c8,0x00000000f5e00000)
  to   space 25088K, 0% used [0x00000000f2f00000,0x00000000f2f00000,0x00000000f4780000)
 ParOldGen       total 220672K, used 30084K [0x00000000c0000000, 0x00000000cd780000, 0x00000000eab00000)
  object space 220672K, 13% used [0x00000000c0000000,0x00000000c1d61318,0x00000000cd780000)
 Metaspace       used 42582K, capacity 44072K, committed 44288K, reserved 1087488K
  class space    used 5949K, capacity 6595K, committed 6656K, reserved 1048576K
}
Event: 22.480 GC heap before
{Heap before GC invocations=11 (full 2):
 PSYoungGen      total 158208K, used 114952K [0x00000000eab00000, 0x00000000f6800000, 0x0000000100000000)
  eden space 135168K, 69% used [0x00000000eab00000,0x00000000f073fab0,0x00000000f2f00000)
  from space 23040K, 88% used [0x00000000f4780000,0x00000000f5b826c8,0x00000000f5e00000)
  to   space 25088K, 0% used [0x00000000f2f00000,0x00000000f2f00000,0x00000000f4780000)
 ParOldGen       total 220672K, used 30084K [0x00000000c0000000, 0x00000000cd780000, 0x00000000eab00000)
  object space 220672K, 13% used [0x00000000c0000000,0x00000000c1d61318,0x00000000cd780000)
 Metaspace       used 48542K, capacity 50074K, committed 50304K, reserved 1091584K
  class space    used 6631K, capacity 7263K, committed 7296K, reserved 1048576K
Event: 22.509 GC heap after
Heap after GC invocations=11 (full 2):
 PSYoungGen      total 160256K, used 24890K [0x00000000eab00000, 0x00000000f6e00000, 0x0000000100000000)
  eden space 135168K, 0% used [0x00000000eab00000,0x00000000eab00000,0x00000000f2f00000)
  from space 25088K, 99% used [0x00000000f2f00000,0x00000000f474e9a0,0x00000000f4780000)
  to   space 28160K, 0% used [0x00000000f5280000,0x00000000f5280000,0x00000000f6e00000)
 ParOldGen       total 220672K, used 30092K [0x00000000c0000000, 0x00000000cd780000, 0x00000000eab00000)
  object space 220672K, 13% used [0x00000000c0000000,0x00000000c1d63318,0x00000000cd780000)
 Metaspace       used 48542K, capacity 50074K, committed 50304K, reserved 1091584K
  class space    used 6631K, capacity 7263K, committed 7296K, reserved 1048576K
}
Event: 22.509 GC heap before
{Heap before GC invocations=12 (full 3):
 PSYoungGen      total 160256K, used 24890K [0x00000000eab00000, 0x00000000f6e00000, 0x0000000100000000)
  eden space 135168K, 0% used [0x00000000eab00000,0x00000000eab00000,0x00000000f2f00000)
  from space 25088K, 99% used [0x00000000f2f00000,0x00000000f474e9a0,0x00000000f4780000)
  to   space 28160K, 0% used [0x00000000f5280000,0x00000000f5280000,0x00000000f6e00000)
 ParOldGen       total 220672K, used 30092K [0x00000000c0000000, 0x00000000cd780000, 0x00000000eab00000)
  object space 220672K, 13% used [0x00000000c0000000,0x00000000c1d63318,0x00000000cd780000)
 Metaspace       used 48542K, capacity 50074K, committed 50304K, reserved 1091584K
  class space    used 6631K, capacity 7263K, committed 7296K, reserved 1048576K
Event: 22.831 GC heap after
Heap after GC invocations=12 (full 3):
 PSYoungGen      total 160256K, used 0K [0x00000000eab00000, 0x00000000f6e00000, 0x0000000100000000)
  eden space 135168K, 0% used [0x00000000eab00000,0x00000000eab00000,0x00000000f2f00000)
  from space 25088K, 0% used [0x00000000f2f00000,0x00000000f2f00000,0x00000000f4780000)
  to   space 28160K, 0% used [0x00000000f5280000,0x00000000f5280000,0x00000000f6e00000)
 ParOldGen       total 220672K, used 42448K [0x00000000c0000000, 0x00000000cd780000, 0x00000000eab00000)
  object space 220672K, 19% used [0x00000000c0000000,0x00000000c29740a0,0x00000000cd780000)
 Metaspace       used 48542K, capacity 50074K, committed 50304K, reserved 1091584K
  class space    used 6631K, capacity 7263K, committed 7296K, reserved 1048576K
}

Deoptimization events (10 events):
Event: 41.101 Thread 0x000000001c41e000 Uncommon trap: reason=bimorphic action=maybe_recompile pc=0x0000000003242dd0 method=java.nio.charset.CharsetEncoder.encode(Ljava/nio/CharBuffer;Ljava/nio/ByteBuffer;Z)Ljava/nio/charset/CoderResult; @ 57
Event: 41.101 Thread 0x000000001c41f000 Uncommon trap: reason=bimorphic action=maybe_recompile pc=0x0000000003242dd0 method=java.nio.charset.CharsetEncoder.encode(Ljava/nio/CharBuffer;Ljava/nio/ByteBuffer;Z)Ljava/nio/charset/CoderResult; @ 57
Event: 41.101 Thread 0x000000001c415800 Uncommon trap: reason=bimorphic action=maybe_recompile pc=0x0000000003242dd0 method=java.nio.charset.CharsetEncoder.encode(Ljava/nio/CharBuffer;Ljava/nio/ByteBuffer;Z)Ljava/nio/charset/CoderResult; @ 57
Event: 41.101 Thread 0x000000001c416800 Uncommon trap: reason=bimorphic action=maybe_recompile pc=0x0000000003242dd0 method=java.nio.charset.CharsetEncoder.encode(Ljava/nio/CharBuffer;Ljava/nio/ByteBuffer;Z)Ljava/nio/charset/CoderResult; @ 57
Event: 41.101 Thread 0x000000001c41b000 Uncommon trap: reason=bimorphic action=maybe_recompile pc=0x0000000003242dd0 method=java.nio.charset.CharsetEncoder.encode(Ljava/nio/CharBuffer;Ljava/nio/ByteBuffer;Z)Ljava/nio/charset/CoderResult; @ 57
Event: 41.101 Thread 0x000000001c41f800 Uncommon trap: reason=bimorphic action=maybe_recompile pc=0x0000000003242dd0 method=java.nio.charset.CharsetEncoder.encode(Ljava/nio/CharBuffer;Ljava/nio/ByteBuffer;Z)Ljava/nio/charset/CoderResult; @ 57
Event: 41.101 Thread 0x000000001c41b800 Uncommon trap: reason=bimorphic action=maybe_recompile pc=0x0000000003242dd0 method=java.nio.charset.CharsetEncoder.encode(Ljava/nio/CharBuffer;Ljava/nio/ByteBuffer;Z)Ljava/nio/charset/CoderResult; @ 57
Event: 41.102 Thread 0x000000001c417000 Uncommon trap: reason=bimorphic action=maybe_recompile pc=0x0000000003242dd0 method=java.nio.charset.CharsetEncoder.encode(Ljava/nio/CharBuffer;Ljava/nio/ByteBuffer;Z)Ljava/nio/charset/CoderResult; @ 57
Event: 41.235 Thread 0x000000001c41b800 Uncommon trap: reason=class_check action=maybe_recompile pc=0x0000000003ca3a98 method=java.lang.StringCoding$StringDecoder.decode([BII)[C @ 30
Event: 41.237 Thread 0x000000001927b000 Uncommon trap: reason=class_check action=maybe_recompile pc=0x0000000003161140 method=java.lang.Throwable.<init>(Ljava/lang/String;Ljava/lang/Throwable;)V @ 24

Internal exceptions (10 events):
Event: 41.078 Thread 0x000000001c416800 Exception <a 'java/lang/ClassNotFoundException': com/google/common/hash/HashCodeBeanInfo> (0x00000000f11f5e58) thrown at [C:\re\workspace\8-2-build-windows-amd64-cygwin\jdk8u45\3627\hotspot\src\share\vm\classfile\systemDictionary.cpp, line 210]
Event: 41.078 Thread 0x000000001c416800 Exception <a 'java/lang/ClassNotFoundException': com/google/common/hash/HashCodeCustomizer> (0x00000000f11fdfe0) thrown at [C:\re\workspace\8-2-build-windows-amd64-cygwin\jdk8u45\3627\hotspot\src\share\vm\classfile\systemDictionary.cpp, line 210]
Event: 41.079 Thread 0x000000001c416800 Exception <a 'java/lang/ClassNotFoundException': com/google/common/hash/HashCode$BytesHashCodeCustomizer> (0x00000000f120f270) thrown at [C:\re\workspace\8-2-build-windows-amd64-cygwin\jdk8u45\3627\hotspot\src\share\vm\classfile\systemDictionary.cpp, line bŸ}jsãD@
Event: 41.089 Thread 0x000000001c417000 Exception <a 'java/lang/ClassNotFoundException': com/google/common/base/CharsetsBeanInfo> (0x00000000f14cc7e0) thrown at [C:\re\workspace\8-2-build-windows-amd64-cygwin\jdk8u45\3627\hotspot\src\share\vm\classfile\systemDictionary.cpp, line 210]
Event: 41.090 Thread 0x000000001c417000 Exception <a 'java/lang/ClassNotFoundException': com/google/common/base/CharsetsCustomizer> (0x00000000f14d4968) thrown at [C:\re\workspace\8-2-build-windows-amd64-cygwin\jdk8u45\3627\hotspot\src\share\vm\classfile\systemDictionary.cpp, line 210]
Event: 41.092 Thread 0x000000001c417000 Exception <a 'java/lang/ClassNotFoundException': com/google/common/hash/MessageDigestHashFunctionBeanInfo> (0x00000000f14f31f0) thrown at [C:\re\workspace\8-2-build-windows-amd64-cygwin\jdk8u45\3627\hotspot\src\share\vm\classfile\systemDictionary.cpp, lineÅ˘åL◊ãD@
Event: 41.093 Thread 0x000000001c417000 Exception <a 'java/lang/ClassNotFoundException': com/google/common/hash/AbstractStreamingHashFunctionBeanInfo> (0x00000000f14fd848) thrown at [C:\re\workspace\8-2-build-windows-amd64-cygwin\jdk8u45\3627\hotspot\src\share\vm\classfile\systemDictionary.cpp, ﬁﬂ
Event: 41.093 Thread 0x000000001c417000 Exception <a 'java/lang/ClassNotFoundException': com/google/common/hash/AbstractStreamingHashFunctionCustomizer> (0x00000000f1508118) thrown at [C:\re\workspace\8-2-build-windows-amd64-cygwin\jdk8u45\3627\hotspot\src\share\vm\classfile\systemDictionary.cpp¯€0åD@
Event: 41.094 Thread 0x000000001c417000 Exception <a 'java/lang/ClassNotFoundException': com/google/common/hash/MessageDigestHashFunctionCustomizer> (0x00000000f1519ef0) thrown at [C:\re\workspace\8-2-build-windows-amd64-cygwin\jdk8u45\3627\hotspot\src\share\vm\classfile\systemDictionary.cpp, liQ⁄.IûD@
Event: 41.237 Thread 0x000000001927b000 Exception <a 'java/lang/reflect/InvocationTargetException'> (0x00000000f0f060e0) thrown at [C:\re\workspace\8-2-build-windows-amd64-cygwin\jdk8u45\3627\hotspot\src\share\vm\runtime\reflection.cpp, line 1080]

Events (10 events):
Event: 41.250 loading class org/gradle/logging/internal/LinePrefixingStyledTextOutput done
Event: 41.251 Executing VM operation: Deoptimize
Event: 41.252 Executing VM operation: Deoptimize done
Event: 41.254 Thread 0x000000001c12a000 Thread added: 0x000000001c12a000
Event: 41.254 Thread 0x000000001c124000 Thread added: 0x000000001c124000
Event: 41.255 Thread 0x000000001da21000 Thread added: 0x000000001da21000
Event: 41.255 Thread 0x000000001da28000 Thread added: 0x000000001da28000
Event: 41.257 Thread 0x000000001c12a000 Thread exited: 0x000000001c12a000
Event: 41.258 loading class org/gradle/BuildExceptionReporter$2
Event: 41.258 loading class org/gradle/BuildExceptionReporter$2 done


Dynamic libraries:
0x00007ff669060000 - 0x00007ff669097000 	C:\Program Files\Java\jdk1.8.0_45\bin\java.exe
0x00007ff8cf840000 - 0x00007ff8cfa01000 	C:\WINDOWS\SYSTEM32\ntdll.dll
0x00007ff8cd7c0000 - 0x00007ff8cd86d000 	C:\WINDOWS\system32\KERNEL32.DLL
0x00007ff8ccc70000 - 0x00007ff8cce4d000 	C:\WINDOWS\system32\KERNELBASE.dll
0x00007ff8cd480000 - 0x00007ff8cd526000 	C:\WINDOWS\system32\ADVAPI32.dll
0x00007ff8cd870000 - 0x00007ff8cd90d000 	C:\WINDOWS\system32\msvcrt.dll
0x00007ff8cd410000 - 0x00007ff8cd46b000 	C:\WINDOWS\system32\sechost.dll
0x00007ff8cd2e0000 - 0x00007ff8cd406000 	C:\WINDOWS\system32\RPCRT4.dll
0x00007ff8cd190000 - 0x00007ff8cd2de000 	C:\WINDOWS\system32\USER32.dll
0x00007ff8cddb0000 - 0x00007ff8cdf36000 	C:\WINDOWS\system32\GDI32.dll
0x00007ff8c7620000 - 0x00007ff8c7894000 	C:\WINDOWS\WinSxS\amd64_microsoft.windows.common-controls_6595b64144ccf1df_6.0.10240.16384_none_f41f7b285750ef43\COMCTL32.dll
0x00007ff8cd0e0000 - 0x00007ff8cd116000 	C:\WINDOWS\system32\IMM32.DLL
0x00007ff8cd5b0000 - 0x00007ff8cd70c000 	C:\WINDOWS\system32\MSCTF.dll
0x000000006cb10000 - 0x000000006cbe2000 	C:\Program Files\Java\jdk1.8.0_45\jre\bin\msvcr100.dll
0x000000006cf90000 - 0x000000006d813000 	C:\Program Files\Java\jdk1.8.0_45\jre\bin\server\jvm.dll
0x00007ff8cd470000 - 0x00007ff8cd478000 	C:\WINDOWS\system32\PSAPI.DLL
0x00007ff8ca990000 - 0x00007ff8ca999000 	C:\WINDOWS\SYSTEM32\WSOCK32.dll
0x00007ff8ca180000 - 0x00007ff8ca1a3000 	C:\WINDOWS\SYSTEM32\WINMM.dll
0x00007ff8c8100000 - 0x00007ff8c810a000 	C:\WINDOWS\SYSTEM32\VERSION.dll
0x00007ff8cf7d0000 - 0x00007ff8cf839000 	C:\WINDOWS\system32\WS2_32.dll
0x00007ff8cf7c0000 - 0x00007ff8cf7c8000 	C:\WINDOWS\system32\NSI.dll
0x00007ff8c78a0000 - 0x00007ff8c78cc000 	C:\WINDOWS\SYSTEM32\WINMMBASE.dll
0x00007ff8ccbc0000 - 0x00007ff8ccc04000 	C:\WINDOWS\system32\cfgmgr32.dll
0x00007ff8cabe0000 - 0x00007ff8cac07000 	C:\WINDOWS\SYSTEM32\DEVOBJ.dll
0x000000006cf80000 - 0x000000006cf8f000 	C:\Program Files\Java\jdk1.8.0_45\jre\bin\verify.dll
0x000000006cf50000 - 0x000000006cf79000 	C:\Program Files\Java\jdk1.8.0_45\jre\bin\java.dll
0x000000006cf30000 - 0x000000006cf46000 	C:\Program Files\Java\jdk1.8.0_45\jre\bin\zip.dll
0x00007ff8ce000000 - 0x00007ff8cf522000 	C:\WINDOWS\system32\SHELL32.dll
0x00007ff8cc4e0000 - 0x00007ff8ccb09000 	C:\WINDOWS\system32\windows.storage.dll
0x00007ff8cdb30000 - 0x00007ff8cddac000 	C:\WINDOWS\system32\combase.dll
0x00007ff8cd120000 - 0x00007ff8cd171000 	C:\WINDOWS\system32\shlwapi.dll
0x00007ff8cc300000 - 0x00007ff8cc30f000 	C:\WINDOWS\system32\kernel.appcore.dll
0x00007ff8cce50000 - 0x00007ff8ccf03000 	C:\WINDOWS\system32\shcore.dll
0x00007ff8cc290000 - 0x00007ff8cc2da000 	C:\WINDOWS\system32\powrprof.dll
0x00007ff8cc270000 - 0x00007ff8cc283000 	C:\WINDOWS\system32\profapi.dll
0x000000006cf10000 - 0x000000006cf2a000 	C:\Program Files\Java\jdk1.8.0_45\jre\bin\net.dll
0x00007ff8cbae0000 - 0x00007ff8cbb3d000 	C:\WINDOWS\system32\mswsock.dll
0x000000006cef0000 - 0x000000006cf01000 	C:\Program Files\Java\jdk1.8.0_45\jre\bin\nio.dll
0x00007ff8c0ba0000 - 0x00007ff8c0bb2000 	C:\Users\Felipe\.gradle\native\19\windows-amd64\native-platform.dll
0x00007ff8c9d40000 - 0x00007ff8c9d78000 	C:\WINDOWS\SYSTEM32\IPHLPAPI.DLL
0x00007ff8c9c60000 - 0x00007ff8c9c6b000 	C:\WINDOWS\SYSTEM32\WINNSI.DLL
0x00007ff8c9560000 - 0x00007ff8c9576000 	C:\WINDOWS\SYSTEM32\dhcpcsvc6.DLL
0x00007ff8c9540000 - 0x00007ff8c955a000 	C:\WINDOWS\SYSTEM32\dhcpcsvc.DLL
0x00007ff8cbb40000 - 0x00007ff8cbb57000 	C:\WINDOWS\SYSTEM32\CRYPTSP.dll
0x00007ff8cc1a0000 - 0x00007ff8cc1c8000 	C:\WINDOWS\SYSTEM32\bcrypt.dll
0x00007ff8cb790000 - 0x00007ff8cb7c3000 	C:\WINDOWS\system32\rsaenh.dll
0x00007ff8cb880000 - 0x00007ff8cb89f000 	C:\WINDOWS\SYSTEM32\USERENV.dll
0x00007ff8cc090000 - 0x00007ff8cc0fb000 	C:\WINDOWS\system32\bcryptprimitives.dll
0x00007ff8cbcb0000 - 0x00007ff8cbcbb000 	C:\WINDOWS\SYSTEM32\CRYPTBASE.dll
0x000000006d940000 - 0x000000006d94d000 	C:\Program Files\Java\jdk1.8.0_45\jre\bin\management.dll
0x00007ff8bbfd0000 - 0x00007ff8bc15a000 	C:\WINDOWS\SYSTEM32\dbghelp.dll

VM Arguments:
jvm_args: -XX:MaxPermSize=256m -XX:+HeapDumpOnOutOfMemoryError -Xmx1024m -Dfile.encoding=windows-1252 -Duser.country=US -Duser.language=en -Duser.variant 
java_command: org.gradle.launcher.daemon.bootstrap.GradleDaemon 2.4 C:\Users\Felipe\.gradle C:\Users\Felipe\.gradle\daemon 10800000 58aebfc8-946a-4db0-9dcb-ab2697e6b01e -XX:MaxPermSize=256m -XX:+HeapDumpOnOutOfMemoryError -Xmx1024m -Dfile.encoding=windows-1252 -Duser.country=US -Duser.language=en -Duser.variant
java_class_path (initial): C:\Program Files\Android\Android Studio\gradle\gradle-2.4\lib\gradle-launcher-2.4.jar
Launcher Type: SUN_STANDARD

Environment Variables:
PATH=C:\ProgramData\Oracle\Java\javapath;C:\Program Files (x86)\Intel\iCLS Client\;C:\Program Files\Intel\iCLS Client\;C:\WINDOWS\system32;C:\WINDOWS;C:\WINDOWS\System32\Wbem;C:\WINDOWS\System32\WindowsPowerShell\v1.0\;C:\Program Files\Intel\Intel(R) Management Engine Components\DAL;C:\Program Files\Intel\Intel(R) Management Engine Components\IPT;C:\Program Files (x86)\Intel\Intel(R) Management Engine Components\DAL;C:\Program Files (x86)\Intel\Intel(R) Management Engine Components\IPT;C:\Program Files\Diskeeper Corporation\ExpressCache\;C:\Program Files\Intel\WiFi\bin\;C:\Program Files\Common Files\Intel\WirelessCommon\;C:\Program Files (x86)\Git\cmd;C:\Program Files (x86)\NVIDIA Corporation\PhysX\Common;C:\Program Files (x86)\Skype\Phone\;%SystemRoot%\system32;%SystemRoot%;%SystemRoot%\System32\Wbem;%SYSTEMROOT%\System32\WindowsPowerShell\v1.0\
USERNAME=Felipe
OS=Windows_NT
PROCESSOR_IDENTIFIER=Intel64 Family 6 Model 58 Stepping 9, GenuineIntel



---------------  S Y S T E M  ---------------

OS: Windows 10.0 , 64 bit Build 10240 (10.0.10240.16384)

CPU:total 8 (4 cores per cpu, 2 threads per core) family 6 model 58 stepping 9, cmov, cx8, fxsr, mmx, sse, sse2, sse3, ssse3, sse4.1, sse4.2, popcnt, avx, aes, clmul, erms, ht, tsc, tscinvbit, tscinv

Memory: 4k page, physical 16723228k(5309744k free), swap 19730716k(99592k free)

vm_info: Java HotSpot(TM) 64-Bit Server VM (25.45-b02) for windows-amd64 JRE (1.8.0_45-b15), built on Apr 30 2015 12:40:44 by "java_re" with MS VC++ 10.0 (VS2010)

time: Mon Aug 24 16:19:58 2015
elapsed time: 41 seconds (0d 0h 0m 41s)

