#
# There is insufficient memory for the Java Runtime Environment to continue.
# Native memory allocation (malloc) failed to allocate 2800 bytes for AllocateHeap
# Possible reasons:
#   The system is out of physical RAM or swap space
#   In 32 bit mode, the process size limit was hit
# Possible solutions:
#   Reduce memory load on the system
#   Increase physical memory or swap space
#   Check if swap backing store is full
#   Use 64 bit Java on a 64 bit OS
#   Decrease Java heap size (-Xmx/-Xms)
#   Decrease number of Java threads
#   Decrease Java thread stack sizes (-Xss)
#   Set larger code cache with -XX:ReservedCodeCacheSize=
# This output file may be truncated or incomplete.
#
#  Out of Memory Error (memory/allocation.inline.hpp:61), pid=12940, tid=10228
#
# JRE version:  (8.0_45-b15) (build )
# Java VM: Java HotSpot(TM) 64-Bit Server VM (25.45-b02 mixed mode windows-amd64 compressed oops)
# Failed to write core dump. Minidumps are not enabled by default on client versions of Windows
#

---------------  T H R E A D  ---------------

Current thread is native thread

Stack: [0x00000000023f0000,0x00000000024f0000]
Native frames: (J=compiled Java code, j=interpreted, Vv=VM code, C=native code)
V  [jvm.dll+0x32b57a]


---------------  P R O C E S S  ---------------

VM state:not at safepoint (not fully initialized)

VM Mutex/Monitor currently owned by a thread: None

Deoptimization events (0 events):
No events

Internal exceptions (0 events):
No events

Events (0 events):
No events


Dynamic libraries:
0x00007ff669060000 - 0x00007ff669097000 	C:\Program Files\Java\jdk1.8.0_45\bin\java.exe
0x00007ff8cf840000 - 0x00007ff8cfa01000 	C:\WINDOWS\SYSTEM32\ntdll.dll
0x00007ff8cd7c0000 - 0x00007ff8cd86d000 	C:\WINDOWS\system32\KERNEL32.DLL
0x00007ff8ccc70000 - 0x00007ff8cce4d000 	C:\WINDOWS\system32\KERNELBASE.dll
0x00007ff8cd480000 - 0x00007ff8cd526000 	C:\WINDOWS\system32\ADVAPI32.dll
0x00007ff8cd870000 - 0x00007ff8cd90d000 	C:\WINDOWS\system32\msvcrt.dll
0x00007ff8cd410000 - 0x00007ff8cd46b000 	C:\WINDOWS\system32\sechost.dll
0x00007ff8cd2e0000 - 0x00007ff8cd406000 	C:\WINDOWS\system32\RPCRT4.dll
0x00007ff8cd190000 - 0x00007ff8cd2de000 	C:\WINDOWS\system32\USER32.dll
0x00007ff8cddb0000 - 0x00007ff8cdf36000 	C:\WINDOWS\system32\GDI32.dll
0x00007ff8c7620000 - 0x00007ff8c7894000 	C:\WINDOWS\WinSxS\amd64_microsoft.windows.common-controls_6595b64144ccf1df_6.0.10240.16384_none_f41f7b285750ef43\COMCTL32.dll
0x00007ff8cd0e0000 - 0x00007ff8cd116000 	C:\WINDOWS\system32\IMM32.DLL
0x00007ff8cd5b0000 - 0x00007ff8cd70c000 	C:\WINDOWS\system32\MSCTF.dll
0x000000006cb10000 - 0x000000006cbe2000 	C:\Program Files\Java\jdk1.8.0_45\jre\bin\msvcr100.dll
0x000000006cf90000 - 0x000000006d813000 	C:\Program Files\Java\jdk1.8.0_45\jre\bin\server\jvm.dll
0x00007ff8cd470000 - 0x00007ff8cd478000 	C:\WINDOWS\system32\PSAPI.DLL
0x00007ff8ca990000 - 0x00007ff8ca999000 	C:\WINDOWS\SYSTEM32\WSOCK32.dll
0x00007ff8cf7d0000 - 0x00007ff8cf839000 	C:\WINDOWS\system32\WS2_32.dll
0x00007ff8cf7c0000 - 0x00007ff8cf7c8000 	C:\WINDOWS\system32\NSI.dll
0x00007ff8ca180000 - 0x00007ff8ca1a3000 	C:\WINDOWS\SYSTEM32\WINMM.dll
0x00007ff8c8100000 - 0x00007ff8c810a000 	C:\WINDOWS\SYSTEM32\VERSION.dll
0x00007ff8c78a0000 - 0x00007ff8c78cc000 	C:\WINDOWS\SYSTEM32\WINMMBASE.dll
0x00007ff8ccbc0000 - 0x00007ff8ccc04000 	C:\WINDOWS\system32\cfgmgr32.dll
0x00007ff8cabe0000 - 0x00007ff8cac07000 	C:\WINDOWS\SYSTEM32\DEVOBJ.dll
0x000000006cf80000 - 0x000000006cf8f000 	C:\Program Files\Java\jdk1.8.0_45\jre\bin\verify.dll
0x000000006cf50000 - 0x000000006cf79000 	C:\Program Files\Java\jdk1.8.0_45\jre\bin\java.dll
0x00007ff8bbfd0000 - 0x00007ff8bc15a000 	C:\WINDOWS\SYSTEM32\dbghelp.dll

VM Arguments:
jvm_args: -Xmx1024M -Dfile.encoding=windows-1252 -Duser.country=US -Duser.language=en -Duser.variant 
java_command: com.android.dx.command.Main --dex --num-threads=4 --output C:\Users\Felipe\Desktop\Nanodegree\SpotifyStreamer\app\build\intermediates\pre-dexed\debug\retrofit-1.9.0-ba51a892b1b446b3e65e050f85c7bb9b62b1ac76.jar C:\Users\Felipe\.gradle\caches\modules-2\files-2.1\com.squareup.retrofit\retrofit\1.9.0\a681c044244d9fc375198588297a39ba78028423\retrofit-1.9.0.jar
java_class_path (initial): C:\Users\Felipe\AppData\Local\Android\sdk\build-tools\23.0.0\lib\dx.jar
Launcher Type: SUN_STANDARD

Environment Variables:
PATH=C:\ProgramData\Oracle\Java\javapath;C:\Program Files (x86)\Intel\iCLS Client\;C:\Program Files\Intel\iCLS Client\;C:\WINDOWS\system32;C:\WINDOWS;C:\WINDOWS\System32\Wbem;C:\WINDOWS\System32\WindowsPowerShell\v1.0\;C:\Program Files\Intel\Intel(R) Management Engine Components\DAL;C:\Program Files\Intel\Intel(R) Management Engine Components\IPT;C:\Program Files (x86)\Intel\Intel(R) Management Engine Components\DAL;C:\Program Files (x86)\Intel\Intel(R) Management Engine Components\IPT;C:\Program Files\Diskeeper Corporation\ExpressCache\;C:\Program Files\Intel\WiFi\bin\;C:\Program Files\Common Files\Intel\WirelessCommon\;C:\Program Files (x86)\Git\cmd;C:\Program Files (x86)\NVIDIA Corporation\PhysX\Common;C:\Program Files (x86)\Skype\Phone\;%SystemRoot%\system32;%SystemRoot%;%SystemRoot%\System32\Wbem;%SYSTEMROOT%\System32\WindowsPowerShell\v1.0\
USERNAME=Felipe
OS=Windows_NT
PROCESSOR_IDENTIFIER=Intel64 Family 6 Model 58 Stepping 9, GenuineIntel



---------------  S Y S T E M  ---------------

OS: Windows 10.0 , 64 bit Build 10240 (10.0.10240.16384)

CPU:total 8 

Memory: 4k page, physical 16723228k(5152264k free), swap 19730716k(5596k free)

vm_info: Java HotSpot(TM) 64-Bit Server VM (25.45-b02) for windows-amd64 JRE (1.8.0_45-b15), built on Apr 30 2015 12:40:44 by "java_re" with MS VC++ 10.0 (VS2010)

time: Mon Aug 24 16:19:06 2015
elapsed time: 0 seconds (0d 0h 0m 0s)

