#
# There is insufficient memory for the Java Runtime Environment to continue.
# Native memory allocation (malloc) failed to allocate 582576 bytes for Chunk::new
# Possible reasons:
#   The system is out of physical RAM or swap space
#   In 32 bit mode, the process size limit was hit
# Possible solutions:
#   Reduce memory load on the system
#   Increase physical memory or swap space
#   Check if swap backing store is full
#   Use 64 bit Java on a 64 bit OS
#   Decrease Java heap size (-Xmx/-Xms)
#   Decrease number of Java threads
#   Decrease Java thread stack sizes (-Xss)
#   Set larger code cache with -XX:ReservedCodeCacheSize=
# This output file may be truncated or incomplete.
#
#  Out of Memory Error (allocation.cpp:390), pid=9328, tid=4200
#
# JRE version: Java(TM) SE Runtime Environment (8.0_45-b15) (build 1.8.0_45-b15)
# Java VM: Java HotSpot(TM) 64-Bit Server VM (25.45-b02 mixed mode windows-amd64 compressed oops)
# Failed to write core dump. Minidumps are not enabled by default on client versions of Windows
#

---------------  T H R E A D  ---------------

Current thread (0x0000000017659000):  JavaThread "C2 CompilerThread0" daemon [_thread_in_native, id=4200, stack(0x0000000017c30000,0x0000000017d30000)]

Stack: [0x0000000017c30000,0x0000000017d30000]
Native frames: (J=compiled Java code, j=interpreted, Vv=VM code, C=native code)
V  [jvm.dll+0x32b57a]
V  [jvm.dll+0x279873]
V  [jvm.dll+0x27a509]
V  [jvm.dll+0x271825]
V  [jvm.dll+0xcb9e2]
V  [jvm.dll+0xcbeac]
V  [jvm.dll+0x476ef2]
V  [jvm.dll+0x4b955f]
V  [jvm.dll+0x46baa8]
V  [jvm.dll+0x46ccbe]
V  [jvm.dll+0x4500f2]
V  [jvm.dll+0xa4352]
V  [jvm.dll+0xa4c8f]
V  [jvm.dll+0x241984]
V  [jvm.dll+0x29853a]
C  [msvcr100.dll+0x21d9f]
C  [msvcr100.dll+0x21e3b]
C  [KERNEL32.DLL+0x12d92]
C  [ntdll.dll+0x9f64]


Current CompileTask:
C2:    644 1027   !   4       com.android.dx.cf.cst.ConstantPoolParser::parse0 (731 bytes)


---------------  P R O C E S S  ---------------

Java Threads: ( => current thread )
  0x0000000017693800 JavaThread "Service Thread" daemon [_thread_blocked, id=10596, stack(0x0000000018030000,0x0000000018130000)]
  0x000000001765e800 JavaThread "C1 CompilerThread3" daemon [_thread_in_native, id=6648, stack(0x0000000017f30000,0x0000000018030000)]
  0x0000000017660000 JavaThread "C2 CompilerThread2" daemon [_thread_in_native, id=2180, stack(0x0000000017e30000,0x0000000017f30000)]
  0x0000000017661800 JavaThread "C2 CompilerThread1" daemon [_thread_in_native, id=11352, stack(0x0000000017d30000,0x0000000017e30000)]
=>0x0000000017659000 JavaThread "C2 CompilerThread0" daemon [_thread_in_native, id=4200, stack(0x0000000017c30000,0x0000000017d30000)]
  0x0000000017655800 JavaThread "Attach Listener" daemon [_thread_blocked, id=4228, stack(0x0000000017b30000,0x0000000017c30000)]
  0x0000000017654800 JavaThread "Signal Dispatcher" daemon [_thread_blocked, id=11792, stack(0x0000000017a30000,0x0000000017b30000)]
  0x0000000002b2a000 JavaThread "Finalizer" daemon [_thread_blocked, id=7796, stack(0x0000000017530000,0x0000000017630000)]
  0x000000001564d000 JavaThread "Reference Handler" daemon [_thread_blocked, id=10612, stack(0x0000000017430000,0x0000000017530000)]
  0x000000000278e000 JavaThread "main" [_thread_in_native, id=10928, stack(0x0000000002930000,0x0000000002a30000)]

Other Threads:
  0x0000000015648800 VMThread [stack: 0x0000000017330000,0x0000000017430000] [id=11028]
  0x0000000017694800 WatcherThread [stack: 0x0000000018130000,0x0000000018230000] [id=2620]

VM state:not at safepoint (normal execution)

VM Mutex/Monitor currently owned by a thread: None

Heap:
 PSYoungGen      total 76288K, used 31695K [0x00000000eab00000, 0x00000000f0000000, 0x0000000100000000)
  eden space 65536K, 48% used [0x00000000eab00000,0x00000000ec9f3ed8,0x00000000eeb00000)
  from space 10752K, 0% used [0x00000000ef580000,0x00000000ef580000,0x00000000f0000000)
  to   space 10752K, 0% used [0x00000000eeb00000,0x00000000eeb00000,0x00000000ef580000)
 ParOldGen       total 175104K, used 0K [0x00000000c0000000, 0x00000000cab00000, 0x00000000eab00000)
  object space 175104K, 0% used [0x00000000c0000000,0x00000000c0000000,0x00000000cab00000)
 Metaspace       used 5539K, capacity 6832K, committed 7040K, reserved 1056768K
  class space    used 548K, capacity 616K, committed 640K, reserved 1048576K

Card table byte_map: [0x0000000011ef0000,0x0000000012100000] byte_map_base: 0x00000000118f0000

Marking Bits: (ParMarkBitMap*) 0x000000006d794040
 Begin Bits: [0x0000000012a60000, 0x0000000013a60000)
 End Bits:   [0x0000000013a60000, 0x0000000014a60000)

Polling page: 0x0000000000f10000

CodeCache: size=245760Kb used=4589Kb max_used=4589Kb free=241170Kb
 bounds [0x0000000002b30000, 0x0000000002fb0000, 0x0000000011b30000]
 total_blobs=1425 nmethods=1160 adapters=178
 compilation: enabled

Compilation events (10 events):
Event: 0.522 Thread 0x0000000017660000 nmethod 1052 0x0000000002f2ed10 code [0x0000000002f2ee60, 0x0000000002f2f118]
Event: 0.522 Thread 0x0000000017660000 1042       4       com.android.dx.ssa.back.LivenessAnalyzer::liveOutAtStatement (61 bytes)
Event: 0.523 Thread 0x000000001765e800 nmethod 1059 0x0000000002f3cd10 code [0x0000000002f3cf80, 0x0000000002f3e0e8]
Event: 0.523 Thread 0x000000001765e800 1058       3       com.android.dx.ssa.PhiInsn::getSources (95 bytes)
Event: 0.524 Thread 0x000000001765e800 nmethod 1058 0x0000000002f3e8d0 code [0x0000000002f3eb40, 0x0000000002f3fb58]
Event: 0.524 Thread 0x000000001765e800 1056       1       com.android.dx.ssa.SsaInsn::isNormalMoveInsn (2 bytes)
Event: 0.524 Thread 0x000000001765e800 nmethod 1056 0x0000000002f2ea50 code [0x0000000002f2eba0, 0x0000000002f2ecb0]
Event: 0.524 Thread 0x000000001765e800 1061       3       com.android.dx.rop.code.LocalItem::compareTo (9 bytes)
Event: 0.524 Thread 0x000000001765e800 nmethod 1061 0x0000000002f30190 code [0x0000000002f30340, 0x0000000002f30a18]
Event: 0.524 Thread 0x000000001765e800 1063       3       com.android.dx.cf.code.BasicBlocker::visitLocal (34 bytes)

GC Heap History (0 events):
No events

Deoptimization events (7 events):
Event: 0.331 Thread 0x000000000278e000 Uncommon trap: reason=speculate_class_check action=maybe_recompile pc=0x0000000002cda3cc method=com.android.dx.rop.cst.Constant.compareTo(Lcom/android/dx/rop/cst/Constant;)I @ 29
Event: 0.331 Thread 0x000000000278e000 Uncommon trap: reason=speculate_class_check action=maybe_recompile pc=0x0000000002cda3cc method=com.android.dx.rop.cst.Constant.compareTo(Lcom/android/dx/rop/cst/Constant;)I @ 29
Event: 0.331 Thread 0x000000000278e000 Uncommon trap: reason=speculate_class_check action=maybe_recompile pc=0x0000000002cda3cc method=com.android.dx.rop.cst.Constant.compareTo(Lcom/android/dx/rop/cst/Constant;)I @ 29
Event: 0.339 Thread 0x000000000278e000 Uncommon trap: reason=unstable_if action=reinterpret pc=0x0000000002cf0700 method=com.android.dx.rop.cst.CstFieldRef.compareTo0(Lcom/android/dx/rop/cst/Constant;)I @ 7
Event: 0.339 Thread 0x000000000278e000 Uncommon trap: reason=speculate_class_check action=maybe_recompile pc=0x0000000002cda3cc method=com.android.dx.rop.cst.Constant.compareTo(Lcom/android/dx/rop/cst/Constant;)I @ 29
Event: 0.377 Thread 0x000000000278e000 Uncommon trap: reason=unstable_if action=reinterpret pc=0x0000000002d5c528 method=java.util.HashMap.getNode(ILjava/lang/Object;)Ljava/util/HashMap$Node; @ 129
Event: 0.454 Thread 0x000000000278e000 Uncommon trap: reason=class_check action=maybe_recompile pc=0x0000000002e0fcd4 method=com.android.dx.ssa.NormalSsaInsn.accept(Lcom/android/dx/ssa/SsaInsn$Visitor;)V @ 9

Internal exceptions (2 events):
Event: 0.028 Thread 0x000000000278e000 Exception <a 'java/lang/NoSuchMethodError': Method sun.misc.Unsafe.defineClass(Ljava/lang/String;[BII)Ljava/lang/Class; name or signature does not match> (0x00000000eab0e030) thrown at [C:\re\workspace\8-2-build-windows-amd64-cygwin\jdk8u45\3627\hotspot\srﬁ66xú?
Event: 0.028 Thread 0x000000000278e000 Exception <a 'java/lang/NoSuchMethodError': Method sun.misc.Unsafe.prefetchRead(Ljava/lang/Object;J)V name or signature does not match> (0x00000000eab0e2c0) thrown at [C:\re\workspace\8-2-build-windows-amd64-cygwin\jdk8u45\3627\hotspot\src\share\vm\prims\j

Events (10 events):
Event: 0.398 loading class com/android/dx/dex/file/FieldAnnotationStruct done
Event: 0.406 loading class java/util/ArrayList$1
Event: 0.406 loading class java/util/ArrayList$1 done
Event: 0.420 loading class java/util/DualPivotQuicksort
Event: 0.421 loading class java/util/DualPivotQuicksort done
Event: 0.432 Executing VM operation: ForceSafepoint
Event: 0.432 Executing VM operation: ForceSafepoint done
Event: 0.454 Thread 0x000000000278e000 Uncommon trap: trap_request=0xffffffde fr.pc=0x0000000002e0fcd4
Event: 0.454 Thread 0x000000000278e000 DEOPT PACKING pc=0x0000000002e0fcd4 sp=0x0000000002a2e580
Event: 0.454 Thread 0x000000000278e000 DEOPT UNPACKING pc=0x0000000002b7582a sp=0x0000000002a2e4c0 mode 2


Dynamic libraries:
0x00007ff669060000 - 0x00007ff669097000 	C:\Program Files\Java\jdk1.8.0_45\bin\java.exe
0x00007ff8cf840000 - 0x00007ff8cfa01000 	C:\WINDOWS\SYSTEM32\ntdll.dll
0x00007ff8cd7c0000 - 0x00007ff8cd86d000 	C:\WINDOWS\system32\KERNEL32.DLL
0x00007ff8ccc70000 - 0x00007ff8cce4d000 	C:\WINDOWS\system32\KERNELBASE.dll
0x00007ff8cd480000 - 0x00007ff8cd526000 	C:\WINDOWS\system32\ADVAPI32.dll
0x00007ff8cd870000 - 0x00007ff8cd90d000 	C:\WINDOWS\system32\msvcrt.dll
0x00007ff8cd410000 - 0x00007ff8cd46b000 	C:\WINDOWS\system32\sechost.dll
0x00007ff8cd2e0000 - 0x00007ff8cd406000 	C:\WINDOWS\system32\RPCRT4.dll
0x00007ff8cd190000 - 0x00007ff8cd2de000 	C:\WINDOWS\system32\USER32.dll
0x00007ff8cddb0000 - 0x00007ff8cdf36000 	C:\WINDOWS\system32\GDI32.dll
0x00007ff8c7620000 - 0x00007ff8c7894000 	C:\WINDOWS\WinSxS\amd64_microsoft.windows.common-controls_6595b64144ccf1df_6.0.10240.16384_none_f41f7b285750ef43\COMCTL32.dll
0x00007ff8cd0e0000 - 0x00007ff8cd116000 	C:\WINDOWS\system32\IMM32.DLL
0x00007ff8cd5b0000 - 0x00007ff8cd70c000 	C:\WINDOWS\system32\MSCTF.dll
0x000000006cb10000 - 0x000000006cbe2000 	C:\Program Files\Java\jdk1.8.0_45\jre\bin\msvcr100.dll
0x000000006cf90000 - 0x000000006d813000 	C:\Program Files\Java\jdk1.8.0_45\jre\bin\server\jvm.dll
0x00007ff8cd470000 - 0x00007ff8cd478000 	C:\WINDOWS\system32\PSAPI.DLL
0x00007ff8ca990000 - 0x00007ff8ca999000 	C:\WINDOWS\SYSTEM32\WSOCK32.dll
0x00007ff8c8100000 - 0x00007ff8c810a000 	C:\WINDOWS\SYSTEM32\VERSION.dll
0x00007ff8ca180000 - 0x00007ff8ca1a3000 	C:\WINDOWS\SYSTEM32\WINMM.dll
0x00007ff8cf7d0000 - 0x00007ff8cf839000 	C:\WINDOWS\system32\WS2_32.dll
0x00007ff8cf7c0000 - 0x00007ff8cf7c8000 	C:\WINDOWS\system32\NSI.dll
0x00007ff8c78a0000 - 0x00007ff8c78cc000 	C:\WINDOWS\SYSTEM32\WINMMBASE.dll
0x00007ff8ccbc0000 - 0x00007ff8ccc04000 	C:\WINDOWS\system32\cfgmgr32.dll
0x00007ff8cabe0000 - 0x00007ff8cac07000 	C:\WINDOWS\SYSTEM32\DEVOBJ.dll
0x000000006cf80000 - 0x000000006cf8f000 	C:\Program Files\Java\jdk1.8.0_45\jre\bin\verify.dll
0x000000006cf50000 - 0x000000006cf79000 	C:\Program Files\Java\jdk1.8.0_45\jre\bin\java.dll
0x000000006cf30000 - 0x000000006cf46000 	C:\Program Files\Java\jdk1.8.0_45\jre\bin\zip.dll
0x00007ff8ce000000 - 0x00007ff8cf522000 	C:\WINDOWS\system32\SHELL32.dll
0x00007ff8cc4e0000 - 0x00007ff8ccb09000 	C:\WINDOWS\system32\windows.storage.dll
0x00007ff8cdb30000 - 0x00007ff8cddac000 	C:\WINDOWS\system32\combase.dll
0x00007ff8cd120000 - 0x00007ff8cd171000 	C:\WINDOWS\system32\shlwapi.dll
0x00007ff8cc300000 - 0x00007ff8cc30f000 	C:\WINDOWS\system32\kernel.appcore.dll
0x00007ff8cce50000 - 0x00007ff8ccf03000 	C:\WINDOWS\system32\shcore.dll
0x00007ff8cc290000 - 0x00007ff8cc2da000 	C:\WINDOWS\system32\powrprof.dll
0x00007ff8cc270000 - 0x00007ff8cc283000 	C:\WINDOWS\system32\profapi.dll
0x00007ff8bbfd0000 - 0x00007ff8bc15a000 	C:\WINDOWS\SYSTEM32\dbghelp.dll

VM Arguments:
jvm_args: -Xmx1024M -Dfile.encoding=windows-1252 -Duser.country=US -Duser.language=en -Duser.variant 
java_command: com.android.dx.command.Main --dex --output C:\Users\Felipe\Desktop\Nanodegree\SpotifyStreamer\app\build\intermediates\dex\debug C:\Users\Felipe\Desktop\Nanodegree\SpotifyStreamer\app\build\intermediates\classes\debug C:\Users\Felipe\Desktop\Nanodegree\SpotifyStreamer\app\build\intermediates\pre-dexed\debug\support-annotations-22.2.0-70596a8f564769ed89f043f1e13972dfd453d3d9.jar C:\Users\Felipe\Desktop\Nanodegree\SpotifyStreamer\app\build\intermediates\pre-dexed\debug\classes-228a065d3f1ba052060ba257d30fbe7458875cf3.jar C:\Users\Felipe\Desktop\Nanodegree\SpotifyStreamer\app\build\intermediates\pre-dexed\debug\okio-1.2.0-dfa70c864e8d5646026eda756d81bfe1fe128044.jar C:\Users\Felipe\Desktop\Nanodegree\SpotifyStreamer\app\build\intermediates\pre-dexed\debug\retrofit-1.9.0-ba51a892b1b446b3e65e050f85c7bb9b62b1ac76.jar C:\Users\Felipe\Desktop\Nanodegree\SpotifyStreamer\app\build\intermediates\pre-dexed\debug\picasso-2.5.2-0f5147ae96ac068438071989fd7d2e035ddbae84.jar C:\Users\Felipe\Desktop\Nanodegree\SpotifyStreamer\app\build\intermediates\pre-dexed\debug\gson-2.3.1-5cb3a6fdb8342eaa41a8e87af1254be3aa36e43a.jar C:\Users\Felipe\Desktop\Nanodegree\SpotifyStreamer\app\build\intermediates\pre-dexed\debug\internal_impl-22.2.0-7bfb45795308062429ab777856ccb9f0513c8620.jar C:\Users\Felipe\Desktop\Nanodegree\SpotifyStreamer\app\build\intermediates\pre-dexed\debug\okhttp-2.2.0-f8475688bf3331f587a429a6a4abfb0734c6a982.jar C:\Users\Felipe\Desktop\Nanodegree\SpotifyStreamer\app\build\intermediates\pre-dexed\debug\classes-1d440ffa0a80c9a106a4241731bcdb817503f99b.jar C:\Users\Felipe\Desktop\Nanodegree\SpotifyStreamer\app\build\intermediates\pre-dexed\debug\classes-a1c7a8b9eae700f78dfcf6c8b85b64711e3d7ae4.jar
java_class_path (initial): C:\Users\Felipe\AppData\Local\Android\sdk\build-tools\22.0.1\lib\dx.jar
Launcher Type: SUN_STANDARD

Environment Variables:
PATH=C:\ProgramData\Oracle\Java\javapath;C:\Program Files (x86)\Intel\iCLS Client\;C:\Program Files\Intel\iCLS Client\;C:\WINDOWS\system32;C:\WINDOWS;C:\WINDOWS\System32\Wbem;C:\WINDOWS\System32\WindowsPowerShell\v1.0\;C:\Program Files\Intel\Intel(R) Management Engine Components\DAL;C:\Program Files\Intel\Intel(R) Management Engine Components\IPT;C:\Program Files (x86)\Intel\Intel(R) Management Engine Components\DAL;C:\Program Files (x86)\Intel\Intel(R) Management Engine Components\IPT;C:\Program Files\Diskeeper Corporation\ExpressCache\;C:\Program Files\Intel\WiFi\bin\;C:\Program Files\Common Files\Intel\WirelessCommon\;C:\Program Files (x86)\Git\cmd;C:\Program Files (x86)\NVIDIA Corporation\PhysX\Common;C:\Program Files (x86)\Skype\Phone\;%SystemRoot%\system32;%SystemRoot%;%SystemRoot%\System32\Wbem;%SYSTEMROOT%\System32\WindowsPowerShell\v1.0\
USERNAME=Felipe
OS=Windows_NT
PROCESSOR_IDENTIFIER=Intel64 Family 6 Model 58 Stepping 9, GenuineIntel



---------------  S Y S T E M  ---------------

OS: Windows 10.0 , 64 bit Build 10240 (10.0.10240.16384)

CPU:total 8 (4 cores per cpu, 2 threads per core) family 6 model 58 stepping 9, cmov, cx8, fxsr, mmx, sse, sse2, sse3, ssse3, sse4.1, sse4.2, popcnt, avx, aes, clmul, erms, ht, tsc, tscinvbit, tscinv

Memory: 4k page, physical 16723228k(5406516k free), swap 19730716k(3260k free)

vm_info: Java HotSpot(TM) 64-Bit Server VM (25.45-b02) for windows-amd64 JRE (1.8.0_45-b15), built on Apr 30 2015 12:40:44 by "java_re" with MS VC++ 10.0 (VS2010)

time: Sun Aug 23 17:56:55 2015
elapsed time: 0 seconds (0d 0h 0m 0s)

